#Bayesian SS estimation module:
#Workdir:  /home/osvaldo/spc_shiny_servers/circularDichroismApp/appFiles/ChiraKit
#Spectrum file:       sesca_reference.dat
#Basis set file:      /home/osvaldo/spc_shiny_servers/circularDichroismApp/appFiles/ChiraKit/SESCA_v097/libs/Map_DS-dT.dat
#Parameter file:      /home/osvaldo/spc_shiny_servers/circularDichroismApp/appFiles/ChiraKit/SESCA_v097/libs/Bayes_2D-noSC.dat
#Initial sample size: 100
#Monte Carlo steps:   250
#Fraction of discarded samples:     0.050

#Discretized SS dsitribution map:
#  i      SS Class  
#  0  :        Alpha 
#  1  :         Beta 
#  2  :         Coil 
#bin:    0      1      2     P(bin)
       0.075  0.425  0.475  2.432e-01
       0.075  0.475  0.425  1.403e-01
       0.125  0.475  0.425  1.125e-01
       0.075  0.475  0.475  1.040e-01
       0.125  0.425  0.475  7.465e-02
       0.125  0.425  0.425  5.865e-02
       0.075  0.525  0.425  5.293e-02
       0.125  0.525  0.375  2.728e-02
       0.075  0.525  0.375  2.632e-02
       0.125  0.475  0.375  2.531e-02
       0.075  0.425  0.525  2.202e-02
       0.125  0.375  0.475  2.008e-02
       0.025  0.475  0.475  1.335e-02
       0.125  0.525  0.325  8.842e-03
       0.075  0.575  0.375  7.284e-03
       0.125  0.375  0.525  6.358e-03
       0.175  0.475  0.375  6.232e-03
       0.025  0.525  0.425  6.147e-03
       0.125  0.575  0.325  4.884e-03
       0.175  0.425  0.425  4.379e-03
       0.175  0.525  0.325  4.253e-03
       0.075  0.575  0.325  3.832e-03
       0.175  0.425  0.375  3.495e-03
       0.075  0.375  0.525  2.653e-03
       0.025  0.525  0.475  2.105e-03
       0.175  0.375  0.475  1.474e-03
       0.075  0.675  0.225  1.432e-03
       0.175  0.475  0.325  1.221e-03
       0.125  0.575  0.275  1.179e-03
       0.025  0.475  0.525  1.053e-03
       0.025  0.425  0.525  9.263e-04
       0.125  0.625  0.275  9.263e-04
       0.075  0.375  0.575  8.842e-04
       0.125  0.275  0.575  8.842e-04
       0.175  0.375  0.425  8.421e-04
       0.025  0.575  0.425  8.000e-04
       0.075  0.625  0.325  7.158e-04
       0.025  0.575  0.375  6.737e-04
       0.275  0.425  0.325  5.895e-04
       0.025  0.375  0.575  4.211e-04
       0.125  0.325  0.525  3.368e-04
       0.025  0.225  0.775  2.526e-04
       0.075  0.625  0.275  2.526e-04
       0.025  0.325  0.675  2.105e-04
       0.175  0.525  0.275  2.105e-04
       0.325  0.325  0.325  2.105e-04
       0.325  0.375  0.325  2.105e-04
       0.075  0.225  0.675  1.684e-04
       0.175  0.275  0.575  1.684e-04
       0.175  0.575  0.275  1.684e-04
       0.225  0.475  0.325  1.684e-04
       0.225  0.575  0.225  1.684e-04
       0.225  0.675  0.125  1.684e-04
       0.375  0.225  0.375  1.684e-04
       0.025  0.625  0.375  1.263e-04
       0.075  0.325  0.575  1.263e-04
       0.225  0.325  0.425  1.263e-04
       0.225  0.375  0.375  1.263e-04
       0.325  0.325  0.375  1.263e-04
       0.325  0.425  0.275  1.263e-04
       0.025  0.275  0.675  8.421e-05
       0.025  0.375  0.625  8.421e-05
       0.075  0.125  0.775  8.421e-05
       0.075  0.275  0.675  8.421e-05
       0.125  0.325  0.575  8.421e-05
       0.175  0.325  0.525  8.421e-05
       0.225  0.425  0.375  8.421e-05
       0.275  0.275  0.475  8.421e-05
       0.275  0.475  0.275  8.421e-05
       0.275  0.525  0.225  8.421e-05
       0.025  0.175  0.775  4.211e-05
       0.025  0.225  0.725  4.211e-05
       0.025  0.325  0.625  4.211e-05
       0.025  0.625  0.325  4.211e-05
       0.075  0.225  0.725  4.211e-05
       0.075  0.325  0.625  4.211e-05
       0.125  0.225  0.625  4.211e-05
       0.175  0.625  0.225  4.211e-05
       0.225  0.375  0.425  4.211e-05
       0.275  0.225  0.475  4.211e-05
       0.025  0.025  0.875  0.000e+00
       0.025  0.025  0.925  0.000e+00
       0.025  0.025  0.975  0.000e+00
       0.025  0.075  0.825  0.000e+00
       0.025  0.075  0.875  0.000e+00
       0.025  0.075  0.925  0.000e+00
       0.025  0.075  0.975  0.000e+00
       0.025  0.125  0.775  0.000e+00
       0.025  0.125  0.825  0.000e+00
       0.025  0.125  0.875  0.000e+00
       0.025  0.125  0.925  0.000e+00
       0.025  0.175  0.725  0.000e+00
       0.025  0.175  0.825  0.000e+00
       0.025  0.175  0.875  0.000e+00
       0.025  0.225  0.675  0.000e+00
       0.025  0.225  0.825  0.000e+00
       0.025  0.275  0.625  0.000e+00
       0.025  0.275  0.725  0.000e+00
       0.025  0.275  0.775  0.000e+00
       0.025  0.325  0.575  0.000e+00
       0.025  0.325  0.725  0.000e+00
       0.025  0.375  0.525  0.000e+00
       0.025  0.375  0.675  0.000e+00
       0.025  0.425  0.475  0.000e+00
       0.025  0.425  0.575  0.000e+00
       0.025  0.425  0.625  0.000e+00
       0.025  0.475  0.425  0.000e+00
       0.025  0.475  0.575  0.000e+00
       0.025  0.525  0.375  0.000e+00
       0.025  0.525  0.525  0.000e+00
       0.025  0.575  0.325  0.000e+00
       0.025  0.575  0.475  0.000e+00
       0.025  0.625  0.275  0.000e+00
       0.025  0.625  0.425  0.000e+00
       0.025  0.675  0.225  0.000e+00
       0.025  0.675  0.275  0.000e+00
       0.025  0.675  0.325  0.000e+00
       0.025  0.675  0.375  0.000e+00
       0.025  0.725  0.175  0.000e+00
       0.025  0.725  0.225  0.000e+00
       0.025  0.725  0.275  0.000e+00
       0.025  0.725  0.325  0.000e+00
       0.025  0.775  0.125  0.000e+00
       0.025  0.775  0.175  0.000e+00
       0.025  0.775  0.225  0.000e+00
       0.025  0.775  0.275  0.000e+00
       0.025  0.825  0.075  0.000e+00
       0.025  0.825  0.125  0.000e+00
       0.025  0.825  0.175  0.000e+00
       0.025  0.825  0.225  0.000e+00
       0.025  0.875  0.025  0.000e+00
       0.025  0.875  0.075  0.000e+00
       0.025  0.875  0.125  0.000e+00
       0.025  0.875  0.175  0.000e+00
       0.025  0.925  0.025  0.000e+00
       0.025  0.925  0.075  0.000e+00
       0.025  0.925  0.125  0.000e+00
       0.025  0.975  0.025  0.000e+00
       0.025  0.975  0.075  0.000e+00
       0.075  0.025  0.825  0.000e+00
       0.075  0.025  0.875  0.000e+00
       0.075  0.025  0.925  0.000e+00
       0.075  0.025  0.975  0.000e+00
       0.075  0.075  0.775  0.000e+00
       0.075  0.075  0.825  0.000e+00
       0.075  0.075  0.875  0.000e+00
       0.075  0.075  0.925  0.000e+00
       0.075  0.125  0.725  0.000e+00
       0.075  0.125  0.825  0.000e+00
       0.075  0.125  0.875  0.000e+00
       0.075  0.175  0.675  0.000e+00
       0.075  0.175  0.725  0.000e+00
       0.075  0.175  0.775  0.000e+00
       0.075  0.175  0.825  0.000e+00
       0.075  0.225  0.625  0.000e+00
       0.075  0.225  0.775  0.000e+00
       0.075  0.275  0.575  0.000e+00
       0.075  0.275  0.625  0.000e+00
       0.075  0.275  0.725  0.000e+00
       0.075  0.325  0.525  0.000e+00
       0.075  0.325  0.675  0.000e+00
       0.075  0.375  0.475  0.000e+00
       0.075  0.375  0.625  0.000e+00
       0.075  0.425  0.425  0.000e+00
       0.075  0.425  0.575  0.000e+00
       0.075  0.475  0.375  0.000e+00
       0.075  0.475  0.525  0.000e+00
       0.075  0.525  0.325  0.000e+00
       0.075  0.525  0.475  0.000e+00
       0.075  0.575  0.275  0.000e+00
       0.075  0.575  0.425  0.000e+00
       0.075  0.625  0.225  0.000e+00
       0.075  0.675  0.175  0.000e+00
       0.075  0.675  0.275  0.000e+00
       0.075  0.675  0.325  0.000e+00
       0.075  0.725  0.125  0.000e+00
       0.075  0.725  0.175  0.000e+00
       0.075  0.725  0.225  0.000e+00
       0.075  0.725  0.275  0.000e+00
       0.075  0.775  0.075  0.000e+00
       0.075  0.775  0.125  0.000e+00
       0.075  0.775  0.175  0.000e+00
       0.075  0.775  0.225  0.000e+00
       0.075  0.825  0.025  0.000e+00
       0.075  0.825  0.075  0.000e+00
       0.075  0.825  0.125  0.000e+00
       0.075  0.825  0.175  0.000e+00
       0.075  0.875  0.025  0.000e+00
       0.075  0.875  0.075  0.000e+00
       0.075  0.925  0.025  0.000e+00
       0.075  0.925  0.075  0.000e+00
       0.075  0.975  0.025  0.000e+00
       0.125  0.025  0.775  0.000e+00
       0.125  0.025  0.825  0.000e+00
       0.125  0.025  0.875  0.000e+00
       0.125  0.025  0.925  0.000e+00
       0.125  0.075  0.725  0.000e+00
       0.125  0.075  0.775  0.000e+00
       0.125  0.075  0.825  0.000e+00
       0.125  0.075  0.875  0.000e+00
       0.125  0.125  0.675  0.000e+00
       0.125  0.125  0.725  0.000e+00
       0.125  0.125  0.775  0.000e+00
       0.125  0.125  0.825  0.000e+00
       0.125  0.175  0.625  0.000e+00
       0.125  0.175  0.675  0.000e+00
       0.125  0.175  0.725  0.000e+00
       0.125  0.175  0.775  0.000e+00
       0.125  0.225  0.575  0.000e+00
       0.125  0.225  0.675  0.000e+00
       0.125  0.225  0.725  0.000e+00
       0.125  0.275  0.525  0.000e+00
       0.125  0.275  0.625  0.000e+00
       0.125  0.275  0.675  0.000e+00
       0.125  0.325  0.475  0.000e+00
       0.125  0.325  0.625  0.000e+00
       0.125  0.375  0.425  0.000e+00
       0.125  0.375  0.575  0.000e+00
       0.125  0.425  0.375  0.000e+00
       0.125  0.425  0.525  0.000e+00
       0.125  0.475  0.325  0.000e+00
       0.125  0.475  0.475  0.000e+00
       0.125  0.525  0.275  0.000e+00
       0.125  0.525  0.425  0.000e+00
       0.125  0.575  0.225  0.000e+00
       0.125  0.575  0.375  0.000e+00
       0.125  0.625  0.175  0.000e+00
       0.125  0.625  0.225  0.000e+00
       0.125  0.625  0.325  0.000e+00
       0.125  0.675  0.125  0.000e+00
       0.125  0.675  0.175  0.000e+00
       0.125  0.675  0.225  0.000e+00
       0.125  0.675  0.275  0.000e+00
       0.125  0.725  0.075  0.000e+00
       0.125  0.725  0.125  0.000e+00
       0.125  0.725  0.175  0.000e+00
       0.125  0.725  0.225  0.000e+00
       0.125  0.775  0.025  0.000e+00
       0.125  0.775  0.075  0.000e+00
       0.125  0.775  0.125  0.000e+00
       0.125  0.775  0.175  0.000e+00
       0.125  0.825  0.025  0.000e+00
       0.125  0.825  0.075  0.000e+00
       0.125  0.825  0.125  0.000e+00
       0.125  0.875  0.025  0.000e+00
       0.125  0.875  0.075  0.000e+00
       0.125  0.925  0.025  0.000e+00
       0.175  0.025  0.725  0.000e+00
       0.175  0.025  0.775  0.000e+00
       0.175  0.025  0.825  0.000e+00
       0.175  0.025  0.875  0.000e+00
       0.175  0.075  0.675  0.000e+00
       0.175  0.075  0.725  0.000e+00
       0.175  0.075  0.775  0.000e+00
       0.175  0.075  0.825  0.000e+00
       0.175  0.125  0.625  0.000e+00
       0.175  0.125  0.675  0.000e+00
       0.175  0.125  0.725  0.000e+00
       0.175  0.125  0.775  0.000e+00
       0.175  0.175  0.575  0.000e+00
       0.175  0.175  0.625  0.000e+00
       0.175  0.175  0.675  0.000e+00
       0.175  0.175  0.725  0.000e+00
       0.175  0.225  0.525  0.000e+00
       0.175  0.225  0.575  0.000e+00
       0.175  0.225  0.625  0.000e+00
       0.175  0.225  0.675  0.000e+00
       0.175  0.275  0.475  0.000e+00
       0.175  0.275  0.525  0.000e+00
       0.175  0.275  0.625  0.000e+00
       0.175  0.325  0.425  0.000e+00
       0.175  0.325  0.475  0.000e+00
       0.175  0.325  0.575  0.000e+00
       0.175  0.375  0.375  0.000e+00
       0.175  0.375  0.525  0.000e+00
       0.175  0.425  0.325  0.000e+00
       0.175  0.425  0.475  0.000e+00
       0.175  0.475  0.275  0.000e+00
       0.175  0.475  0.425  0.000e+00
       0.175  0.525  0.225  0.000e+00
       0.175  0.525  0.375  0.000e+00
       0.175  0.575  0.175  0.000e+00
       0.175  0.575  0.225  0.000e+00
       0.175  0.575  0.325  0.000e+00
       0.175  0.625  0.125  0.000e+00
       0.175  0.625  0.175  0.000e+00
       0.175  0.625  0.275  0.000e+00
       0.175  0.675  0.075  0.000e+00
       0.175  0.675  0.125  0.000e+00
       0.175  0.675  0.175  0.000e+00
       0.175  0.675  0.225  0.000e+00
       0.175  0.725  0.025  0.000e+00
       0.175  0.725  0.075  0.000e+00
       0.175  0.725  0.125  0.000e+00
       0.175  0.725  0.175  0.000e+00
       0.175  0.775  0.025  0.000e+00
       0.175  0.775  0.075  0.000e+00
       0.175  0.775  0.125  0.000e+00
       0.175  0.825  0.025  0.000e+00
       0.175  0.825  0.075  0.000e+00
       0.175  0.875  0.025  0.000e+00
       0.225  0.025  0.675  0.000e+00
       0.225  0.025  0.725  0.000e+00
       0.225  0.025  0.775  0.000e+00
       0.225  0.025  0.825  0.000e+00
       0.225  0.075  0.625  0.000e+00
       0.225  0.075  0.675  0.000e+00
       0.225  0.075  0.725  0.000e+00
       0.225  0.075  0.775  0.000e+00
       0.225  0.125  0.575  0.000e+00
       0.225  0.125  0.625  0.000e+00
       0.225  0.125  0.675  0.000e+00
       0.225  0.125  0.725  0.000e+00
       0.225  0.175  0.525  0.000e+00
       0.225  0.175  0.575  0.000e+00
       0.225  0.175  0.625  0.000e+00
       0.225  0.175  0.675  0.000e+00
       0.225  0.225  0.475  0.000e+00
       0.225  0.225  0.525  0.000e+00
       0.225  0.225  0.575  0.000e+00
       0.225  0.225  0.625  0.000e+00
       0.225  0.275  0.425  0.000e+00
       0.225  0.275  0.475  0.000e+00
       0.225  0.275  0.525  0.000e+00
       0.225  0.275  0.575  0.000e+00
       0.225  0.325  0.375  0.000e+00
       0.225  0.325  0.475  0.000e+00
       0.225  0.325  0.525  0.000e+00
       0.225  0.375  0.325  0.000e+00
       0.225  0.375  0.475  0.000e+00
       0.225  0.425  0.275  0.000e+00
       0.225  0.425  0.325  0.000e+00
       0.225  0.425  0.425  0.000e+00
       0.225  0.475  0.225  0.000e+00
       0.225  0.475  0.275  0.000e+00
       0.225  0.475  0.375  0.000e+00
       0.225  0.525  0.175  0.000e+00
       0.225  0.525  0.225  0.000e+00
       0.225  0.525  0.275  0.000e+00
       0.225  0.525  0.325  0.000e+00
       0.225  0.575  0.125  0.000e+00
       0.225  0.575  0.175  0.000e+00
       0.225  0.575  0.275  0.000e+00
       0.225  0.625  0.075  0.000e+00
       0.225  0.625  0.125  0.000e+00
       0.225  0.625  0.175  0.000e+00
       0.225  0.625  0.225  0.000e+00
       0.225  0.675  0.025  0.000e+00
       0.225  0.675  0.075  0.000e+00
       0.225  0.675  0.175  0.000e+00
       0.225  0.725  0.025  0.000e+00
       0.225  0.725  0.075  0.000e+00
       0.225  0.775  0.025  0.000e+00
       0.225  0.775  0.075  0.000e+00
       0.225  0.825  0.025  0.000e+00
       0.275  0.025  0.625  0.000e+00
       0.275  0.025  0.675  0.000e+00
       0.275  0.025  0.725  0.000e+00
       0.275  0.025  0.775  0.000e+00
       0.275  0.075  0.575  0.000e+00
       0.275  0.075  0.625  0.000e+00
       0.275  0.075  0.675  0.000e+00
       0.275  0.075  0.725  0.000e+00
       0.275  0.125  0.525  0.000e+00
       0.275  0.125  0.575  0.000e+00
       0.275  0.125  0.625  0.000e+00
       0.275  0.125  0.675  0.000e+00
       0.275  0.175  0.475  0.000e+00
       0.275  0.175  0.525  0.000e+00
       0.275  0.175  0.575  0.000e+00
       0.275  0.175  0.625  0.000e+00
       0.275  0.225  0.425  0.000e+00
       0.275  0.225  0.525  0.000e+00
       0.275  0.225  0.575  0.000e+00
       0.275  0.275  0.375  0.000e+00
       0.275  0.275  0.425  0.000e+00
       0.275  0.275  0.525  0.000e+00
       0.275  0.325  0.325  0.000e+00
       0.275  0.325  0.375  0.000e+00
       0.275  0.325  0.425  0.000e+00
       0.275  0.325  0.475  0.000e+00
       0.275  0.375  0.275  0.000e+00
       0.275  0.375  0.325  0.000e+00
       0.275  0.375  0.375  0.000e+00
       0.275  0.375  0.425  0.000e+00
       0.275  0.425  0.225  0.000e+00
       0.275  0.425  0.275  0.000e+00
       0.275  0.425  0.375  0.000e+00
       0.275  0.475  0.175  0.000e+00
       0.275  0.475  0.225  0.000e+00
       0.275  0.475  0.325  0.000e+00
       0.275  0.525  0.125  0.000e+00
       0.275  0.525  0.175  0.000e+00
       0.275  0.525  0.275  0.000e+00
       0.275  0.575  0.075  0.000e+00
       0.275  0.575  0.125  0.000e+00
       0.275  0.575  0.175  0.000e+00
       0.275  0.575  0.225  0.000e+00
       0.275  0.625  0.025  0.000e+00
       0.275  0.625  0.075  0.000e+00
       0.275  0.625  0.125  0.000e+00
       0.275  0.625  0.175  0.000e+00
       0.275  0.675  0.025  0.000e+00
       0.275  0.675  0.075  0.000e+00
       0.275  0.675  0.125  0.000e+00
       0.275  0.725  0.025  0.000e+00
       0.275  0.725  0.075  0.000e+00
       0.275  0.775  0.025  0.000e+00
       0.325  0.025  0.575  0.000e+00
       0.325  0.025  0.625  0.000e+00
       0.325  0.025  0.675  0.000e+00
       0.325  0.025  0.725  0.000e+00
       0.325  0.075  0.525  0.000e+00
       0.325  0.075  0.575  0.000e+00
       0.325  0.075  0.625  0.000e+00
       0.325  0.075  0.675  0.000e+00
       0.325  0.125  0.475  0.000e+00
       0.325  0.125  0.525  0.000e+00
       0.325  0.125  0.575  0.000e+00
       0.325  0.125  0.625  0.000e+00
       0.325  0.175  0.425  0.000e+00
       0.325  0.175  0.475  0.000e+00
       0.325  0.175  0.525  0.000e+00
       0.325  0.175  0.575  0.000e+00
       0.325  0.225  0.375  0.000e+00
       0.325  0.225  0.425  0.000e+00
       0.325  0.225  0.475  0.000e+00
       0.325  0.225  0.525  0.000e+00
       0.325  0.275  0.325  0.000e+00
       0.325  0.275  0.375  0.000e+00
       0.325  0.275  0.425  0.000e+00
       0.325  0.275  0.475  0.000e+00
       0.325  0.325  0.275  0.000e+00
       0.325  0.325  0.425  0.000e+00
       0.325  0.375  0.225  0.000e+00
       0.325  0.375  0.275  0.000e+00
       0.325  0.425  0.175  0.000e+00
       0.325  0.425  0.225  0.000e+00
       0.325  0.425  0.325  0.000e+00
       0.325  0.475  0.125  0.000e+00
       0.325  0.475  0.175  0.000e+00
       0.325  0.475  0.225  0.000e+00
       0.325  0.475  0.275  0.000e+00
       0.325  0.525  0.075  0.000e+00
       0.325  0.525  0.125  0.000e+00
       0.325  0.525  0.175  0.000e+00
       0.325  0.525  0.225  0.000e+00
       0.325  0.575  0.025  0.000e+00
       0.325  0.575  0.075  0.000e+00
       0.325  0.575  0.125  0.000e+00
       0.325  0.575  0.175  0.000e+00
       0.325  0.625  0.025  0.000e+00
       0.325  0.625  0.075  0.000e+00
       0.325  0.675  0.025  0.000e+00
       0.325  0.675  0.075  0.000e+00
       0.325  0.725  0.025  0.000e+00
       0.375  0.025  0.525  0.000e+00
       0.375  0.025  0.575  0.000e+00
       0.375  0.025  0.625  0.000e+00
       0.375  0.025  0.675  0.000e+00
       0.375  0.075  0.475  0.000e+00
       0.375  0.075  0.525  0.000e+00
       0.375  0.075  0.575  0.000e+00
       0.375  0.075  0.625  0.000e+00
       0.375  0.125  0.425  0.000e+00
       0.375  0.125  0.475  0.000e+00
       0.375  0.125  0.525  0.000e+00
       0.375  0.125  0.575  0.000e+00
       0.375  0.175  0.375  0.000e+00
       0.375  0.175  0.425  0.000e+00
       0.375  0.175  0.475  0.000e+00
       0.375  0.175  0.525  0.000e+00
       0.375  0.225  0.325  0.000e+00
       0.375  0.225  0.425  0.000e+00
       0.375  0.225  0.475  0.000e+00
       0.375  0.275  0.275  0.000e+00
       0.375  0.275  0.325  0.000e+00
       0.375  0.275  0.375  0.000e+00
       0.375  0.275  0.425  0.000e+00
       0.375  0.325  0.225  0.000e+00
       0.375  0.325  0.275  0.000e+00
       0.375  0.325  0.325  0.000e+00
       0.375  0.375  0.175  0.000e+00
       0.375  0.375  0.225  0.000e+00
       0.375  0.375  0.275  0.000e+00
       0.375  0.375  0.325  0.000e+00
       0.375  0.425  0.125  0.000e+00
       0.375  0.425  0.175  0.000e+00
       0.375  0.425  0.225  0.000e+00
       0.375  0.425  0.275  0.000e+00
       0.375  0.475  0.075  0.000e+00
       0.375  0.475  0.125  0.000e+00
       0.375  0.475  0.175  0.000e+00
       0.375  0.475  0.225  0.000e+00
       0.375  0.525  0.025  0.000e+00
       0.375  0.525  0.075  0.000e+00
       0.375  0.525  0.125  0.000e+00
       0.375  0.525  0.175  0.000e+00
       0.375  0.575  0.025  0.000e+00
       0.375  0.575  0.075  0.000e+00
       0.375  0.625  0.025  0.000e+00
       0.375  0.675  0.025  0.000e+00
       0.425  0.025  0.475  0.000e+00
       0.425  0.025  0.525  0.000e+00
       0.425  0.025  0.575  0.000e+00
       0.425  0.025  0.625  0.000e+00
       0.425  0.075  0.425  0.000e+00
       0.425  0.075  0.475  0.000e+00
       0.425  0.075  0.525  0.000e+00
       0.425  0.075  0.575  0.000e+00
       0.425  0.125  0.375  0.000e+00
       0.425  0.125  0.425  0.000e+00
       0.425  0.125  0.475  0.000e+00
       0.425  0.125  0.525  0.000e+00
       0.425  0.175  0.325  0.000e+00
       0.425  0.175  0.375  0.000e+00
       0.425  0.175  0.425  0.000e+00
       0.425  0.175  0.475  0.000e+00
       0.425  0.225  0.275  0.000e+00
       0.425  0.225  0.325  0.000e+00
       0.425  0.225  0.375  0.000e+00
       0.425  0.225  0.425  0.000e+00
       0.425  0.275  0.225  0.000e+00
       0.425  0.275  0.275  0.000e+00
       0.425  0.275  0.325  0.000e+00
       0.425  0.275  0.375  0.000e+00
       0.425  0.325  0.175  0.000e+00
       0.425  0.325  0.225  0.000e+00
       0.425  0.325  0.275  0.000e+00
       0.425  0.325  0.325  0.000e+00
       0.425  0.375  0.125  0.000e+00
       0.425  0.375  0.175  0.000e+00
       0.425  0.375  0.225  0.000e+00
       0.425  0.375  0.275  0.000e+00
       0.425  0.425  0.075  0.000e+00
       0.425  0.425  0.125  0.000e+00
       0.425  0.425  0.175  0.000e+00
       0.425  0.425  0.225  0.000e+00
       0.425  0.475  0.025  0.000e+00
       0.425  0.475  0.075  0.000e+00
       0.425  0.475  0.125  0.000e+00
       0.425  0.475  0.175  0.000e+00
       0.425  0.525  0.025  0.000e+00
       0.425  0.525  0.075  0.000e+00
       0.425  0.525  0.125  0.000e+00
       0.425  0.575  0.025  0.000e+00
       0.425  0.575  0.075  0.000e+00
       0.425  0.625  0.025  0.000e+00
       0.475  0.025  0.425  0.000e+00
       0.475  0.025  0.475  0.000e+00
       0.475  0.025  0.525  0.000e+00
       0.475  0.025  0.575  0.000e+00
       0.475  0.075  0.375  0.000e+00
       0.475  0.075  0.425  0.000e+00
       0.475  0.075  0.475  0.000e+00
       0.475  0.075  0.525  0.000e+00
       0.475  0.125  0.325  0.000e+00
       0.475  0.125  0.375  0.000e+00
       0.475  0.125  0.425  0.000e+00
       0.475  0.125  0.475  0.000e+00
       0.475  0.175  0.275  0.000e+00
       0.475  0.175  0.325  0.000e+00
       0.475  0.175  0.375  0.000e+00
       0.475  0.175  0.425  0.000e+00
       0.475  0.225  0.225  0.000e+00
       0.475  0.225  0.275  0.000e+00
       0.475  0.225  0.325  0.000e+00
       0.475  0.225  0.375  0.000e+00
       0.475  0.275  0.175  0.000e+00
       0.475  0.275  0.225  0.000e+00
       0.475  0.275  0.275  0.000e+00
       0.475  0.275  0.325  0.000e+00
       0.475  0.325  0.125  0.000e+00
       0.475  0.325  0.175  0.000e+00
       0.475  0.325  0.225  0.000e+00
       0.475  0.325  0.275  0.000e+00
       0.475  0.375  0.075  0.000e+00
       0.475  0.375  0.125  0.000e+00
       0.475  0.375  0.175  0.000e+00
       0.475  0.375  0.225  0.000e+00
       0.475  0.425  0.025  0.000e+00
       0.475  0.425  0.075  0.000e+00
       0.475  0.425  0.125  0.000e+00
       0.475  0.425  0.175  0.000e+00
       0.475  0.475  0.025  0.000e+00
       0.475  0.475  0.075  0.000e+00
       0.475  0.475  0.125  0.000e+00
       0.475  0.525  0.025  0.000e+00
       0.475  0.525  0.075  0.000e+00
       0.475  0.575  0.025  0.000e+00
       0.525  0.025  0.375  0.000e+00
       0.525  0.025  0.425  0.000e+00
       0.525  0.025  0.475  0.000e+00
       0.525  0.025  0.525  0.000e+00
       0.525  0.075  0.325  0.000e+00
       0.525  0.075  0.375  0.000e+00
       0.525  0.075  0.425  0.000e+00
       0.525  0.075  0.475  0.000e+00
       0.525  0.125  0.275  0.000e+00
       0.525  0.125  0.325  0.000e+00
       0.525  0.125  0.375  0.000e+00
       0.525  0.125  0.425  0.000e+00
       0.525  0.175  0.225  0.000e+00
       0.525  0.175  0.275  0.000e+00
       0.525  0.175  0.325  0.000e+00
       0.525  0.175  0.375  0.000e+00
       0.525  0.225  0.175  0.000e+00
       0.525  0.225  0.225  0.000e+00
       0.525  0.225  0.275  0.000e+00
       0.525  0.225  0.325  0.000e+00
       0.525  0.275  0.125  0.000e+00
       0.525  0.275  0.175  0.000e+00
       0.525  0.275  0.225  0.000e+00
       0.525  0.275  0.275  0.000e+00
       0.525  0.325  0.075  0.000e+00
       0.525  0.325  0.125  0.000e+00
       0.525  0.325  0.175  0.000e+00
       0.525  0.325  0.225  0.000e+00
       0.525  0.375  0.025  0.000e+00
       0.525  0.375  0.075  0.000e+00
       0.525  0.375  0.125  0.000e+00
       0.525  0.375  0.175  0.000e+00
       0.525  0.425  0.025  0.000e+00
       0.525  0.425  0.075  0.000e+00
       0.525  0.425  0.125  0.000e+00
       0.525  0.475  0.025  0.000e+00
       0.525  0.475  0.075  0.000e+00
       0.525  0.525  0.025  0.000e+00
       0.575  0.025  0.325  0.000e+00
       0.575  0.025  0.375  0.000e+00
       0.575  0.025  0.425  0.000e+00
       0.575  0.025  0.475  0.000e+00
       0.575  0.075  0.275  0.000e+00
       0.575  0.075  0.325  0.000e+00
       0.575  0.075  0.375  0.000e+00
       0.575  0.075  0.425  0.000e+00
       0.575  0.125  0.225  0.000e+00
       0.575  0.125  0.275  0.000e+00
       0.575  0.125  0.325  0.000e+00
       0.575  0.125  0.375  0.000e+00
       0.575  0.175  0.175  0.000e+00
       0.575  0.175  0.225  0.000e+00
       0.575  0.175  0.275  0.000e+00
       0.575  0.175  0.325  0.000e+00
       0.575  0.225  0.125  0.000e+00
       0.575  0.225  0.175  0.000e+00
       0.575  0.225  0.225  0.000e+00
       0.575  0.225  0.275  0.000e+00
       0.575  0.275  0.075  0.000e+00
       0.575  0.275  0.125  0.000e+00
       0.575  0.275  0.175  0.000e+00
       0.575  0.275  0.225  0.000e+00
       0.575  0.325  0.025  0.000e+00
       0.575  0.325  0.075  0.000e+00
       0.575  0.325  0.125  0.000e+00
       0.575  0.325  0.175  0.000e+00
       0.575  0.375  0.025  0.000e+00
       0.575  0.375  0.075  0.000e+00
       0.575  0.425  0.025  0.000e+00
       0.575  0.425  0.075  0.000e+00
       0.575  0.475  0.025  0.000e+00
       0.625  0.025  0.275  0.000e+00
       0.625  0.025  0.325  0.000e+00
       0.625  0.025  0.375  0.000e+00
       0.625  0.025  0.425  0.000e+00
       0.625  0.075  0.225  0.000e+00
       0.625  0.075  0.275  0.000e+00
       0.625  0.075  0.325  0.000e+00
       0.625  0.125  0.175  0.000e+00
       0.625  0.125  0.225  0.000e+00
       0.625  0.125  0.275  0.000e+00
       0.625  0.125  0.325  0.000e+00
       0.625  0.175  0.125  0.000e+00
       0.625  0.175  0.175  0.000e+00
       0.625  0.175  0.225  0.000e+00
       0.625  0.175  0.275  0.000e+00
       0.625  0.225  0.075  0.000e+00
       0.625  0.225  0.125  0.000e+00
       0.625  0.225  0.175  0.000e+00
       0.625  0.225  0.225  0.000e+00
       0.625  0.275  0.025  0.000e+00
       0.625  0.275  0.075  0.000e+00
       0.625  0.275  0.125  0.000e+00
       0.625  0.275  0.175  0.000e+00
       0.625  0.325  0.025  0.000e+00
       0.625  0.325  0.075  0.000e+00
       0.625  0.375  0.025  0.000e+00
       0.625  0.425  0.025  0.000e+00
       0.675  0.025  0.225  0.000e+00
       0.675  0.025  0.275  0.000e+00
       0.675  0.025  0.325  0.000e+00
       0.675  0.025  0.375  0.000e+00
       0.675  0.075  0.175  0.000e+00
       0.675  0.075  0.225  0.000e+00
       0.675  0.075  0.275  0.000e+00
       0.675  0.075  0.325  0.000e+00
       0.675  0.125  0.125  0.000e+00
       0.675  0.125  0.175  0.000e+00
       0.675  0.125  0.225  0.000e+00
       0.675  0.125  0.275  0.000e+00
       0.675  0.175  0.075  0.000e+00
       0.675  0.175  0.125  0.000e+00
       0.675  0.175  0.175  0.000e+00
       0.675  0.175  0.225  0.000e+00
       0.675  0.225  0.025  0.000e+00
       0.675  0.225  0.075  0.000e+00
       0.675  0.225  0.125  0.000e+00
       0.675  0.225  0.175  0.000e+00
       0.675  0.275  0.025  0.000e+00
       0.675  0.275  0.075  0.000e+00
       0.675  0.275  0.125  0.000e+00
       0.675  0.325  0.025  0.000e+00
       0.675  0.325  0.075  0.000e+00
       0.675  0.375  0.025  0.000e+00
       0.725  0.025  0.175  0.000e+00
       0.725  0.025  0.225  0.000e+00
       0.725  0.025  0.275  0.000e+00
       0.725  0.025  0.325  0.000e+00
       0.725  0.075  0.125  0.000e+00
       0.725  0.075  0.175  0.000e+00
       0.725  0.075  0.225  0.000e+00
       0.725  0.075  0.275  0.000e+00
       0.725  0.125  0.075  0.000e+00
       0.725  0.125  0.125  0.000e+00
       0.725  0.125  0.175  0.000e+00
       0.725  0.125  0.225  0.000e+00
       0.725  0.175  0.025  0.000e+00
       0.725  0.175  0.075  0.000e+00
       0.725  0.175  0.125  0.000e+00
       0.725  0.175  0.175  0.000e+00
       0.725  0.225  0.025  0.000e+00
       0.725  0.225  0.075  0.000e+00
       0.725  0.275  0.025  0.000e+00
       0.725  0.275  0.075  0.000e+00
       0.725  0.325  0.025  0.000e+00
       0.775  0.025  0.125  0.000e+00
       0.775  0.025  0.175  0.000e+00
       0.775  0.025  0.225  0.000e+00
       0.775  0.025  0.275  0.000e+00
       0.775  0.075  0.075  0.000e+00
       0.775  0.075  0.125  0.000e+00
       0.775  0.075  0.175  0.000e+00
       0.775  0.075  0.225  0.000e+00
       0.775  0.125  0.025  0.000e+00
       0.775  0.125  0.075  0.000e+00
       0.775  0.125  0.125  0.000e+00
       0.775  0.125  0.175  0.000e+00
       0.775  0.175  0.025  0.000e+00
       0.775  0.175  0.075  0.000e+00
       0.775  0.175  0.125  0.000e+00
       0.775  0.225  0.025  0.000e+00
       0.775  0.225  0.075  0.000e+00
       0.775  0.275  0.025  0.000e+00
       0.825  0.025  0.075  0.000e+00
       0.825  0.025  0.125  0.000e+00
       0.825  0.025  0.175  0.000e+00
       0.825  0.025  0.225  0.000e+00
       0.825  0.075  0.025  0.000e+00
       0.825  0.075  0.075  0.000e+00
       0.825  0.075  0.125  0.000e+00
       0.825  0.075  0.175  0.000e+00
       0.825  0.125  0.025  0.000e+00
       0.825  0.125  0.075  0.000e+00
       0.825  0.125  0.125  0.000e+00
       0.825  0.175  0.025  0.000e+00
       0.825  0.175  0.075  0.000e+00
       0.825  0.225  0.025  0.000e+00
       0.875  0.025  0.025  0.000e+00
       0.875  0.025  0.075  0.000e+00
       0.875  0.025  0.125  0.000e+00
       0.875  0.025  0.175  0.000e+00
       0.875  0.075  0.025  0.000e+00
       0.875  0.075  0.075  0.000e+00
       0.875  0.125  0.025  0.000e+00
       0.875  0.125  0.075  0.000e+00
       0.875  0.175  0.025  0.000e+00
       0.925  0.025  0.025  0.000e+00
       0.925  0.025  0.075  0.000e+00
       0.925  0.025  0.125  0.000e+00
       0.925  0.075  0.025  0.000e+00
       0.925  0.075  0.075  0.000e+00
       0.925  0.125  0.025  0.000e+00
       0.975  0.025  0.025  0.000e+00
       0.975  0.025  0.075  0.000e+00
       0.975  0.075  0.025  0.000e+00


#Scaling factor distribution:
#  SFj    P(SFj)
 0.200   0.001
 0.400   0.000
 0.600   0.002
 0.800   0.009
 1.000   0.472
 1.200   0.399
 1.400   0.093
 1.600   0.020
 1.800   0.003
 2.000   0.000
 2.200   0.000
 2.400   0.000
 2.600   0.000
 2.800   0.000
 3.000   0.000
 3.200   0.000
 3.400   0.000
 3.600   0.000
 3.800   0.000
 4.000   0.000
 4.200   0.000
 4.400   0.000
 4.600   0.000
 4.800   0.000

#Avg. Scaling factor : 1.2228 +/- 0.1651
#Weighting factors for the most likely SS composition (Avg +/- SD):
#        Alpha  :   0.1005   +/- 0.0441
#         Beta  :   0.4579   +/- 0.0499
#         Coil  :   0.4417   +/- 0.0542

