#SS heatmap generated by SESCA_bayes:
#Workdir:  /home/osvaldo/spc_shiny_servers/circularDichroismApp/appFiles/ChiraKit
#Spectrum file:        sesca_reference.dat
#Basis set file:       /home/osvaldo/spc_shiny_servers/circularDichroismApp/appFiles/ChiraKit/SESCA_v097/libs/Map_DS-dT.dat
#Parameter file:       /home/osvaldo/spc_shiny_servers/circularDichroismApp/appFiles/ChiraKit/SESCA_v097/libs/Bayes_2D-noSC.dat
#Initial sample size: 100
#Monte Carlo steps:     250
#Fraction of discarded samples:   0.050

#Projection along SS classes:
#     Alpha fraction (vertical)
#      Beta fraction (horizontal)
#Bin probabilities are expressed in percents
#| Hist   0.025   0.075   0.125   0.175   0.225   0.275   0.325   0.375   0.425   0.475   0.525   0.575   0.625   0.675   0.725   0.775   0.825   0.875   0.925   0.975 
  0.025   0.000   0.000   0.000   0.004   0.029   0.008   0.025   0.051   0.093   1.440   0.825   0.147   0.017   0.000   0.000   0.000   0.000   0.000   0.000   0.000 
  0.075   0.000   0.000   0.008   0.000   0.021   0.008   0.017   0.354  26.526  24.434   7.924   1.112   0.097   0.143   0.000   0.000   0.000   0.000   0.000   0.000 
  0.125   0.000   0.000   0.000   0.000   0.004   0.088   0.042   2.644  13.331  13.777   3.613   0.606   0.093   0.000   0.000   0.000   0.000   0.000   0.000  -0.000 
  0.175   0.000   0.000   0.000   0.000   0.000   0.017   0.008   0.232   0.787   0.745   0.446   0.017   0.004   0.000   0.000   0.000   0.000   0.000  -0.000  -0.000 
  0.225   0.000   0.000   0.000   0.000   0.000   0.000   0.013   0.017   0.008   0.017   0.000   0.017   0.000   0.017   0.000   0.000   0.000  -0.000  -0.000  -0.000 
  0.275   0.000   0.000   0.000   0.000   0.004   0.008   0.000   0.000   0.059   0.008   0.008   0.000   0.000   0.000   0.000   0.000  -0.000  -0.000  -0.000  -0.000 
  0.325   0.000   0.000   0.000   0.000   0.000   0.000   0.034   0.021   0.013   0.000   0.000   0.000   0.000   0.000   0.000  -0.000  -0.000  -0.000  -0.000  -0.000 
  0.375   0.000   0.000   0.000   0.000   0.017   0.000   0.000   0.000   0.000   0.000   0.000   0.000   0.000   0.000  -0.000  -0.000  -0.000  -0.000  -0.000  -0.000 
  0.425   0.000   0.000   0.000   0.000   0.000   0.000   0.000   0.000   0.000   0.000   0.000   0.000   0.000  -0.000  -0.000  -0.000  -0.000  -0.000  -0.000  -0.000 
  0.475   0.000   0.000   0.000   0.000   0.000   0.000   0.000   0.000   0.000   0.000   0.000   0.000  -0.000  -0.000  -0.000  -0.000  -0.000  -0.000  -0.000  -0.000 
  0.525   0.000   0.000   0.000   0.000   0.000   0.000   0.000   0.000   0.000   0.000   0.000  -0.000  -0.000  -0.000  -0.000  -0.000  -0.000  -0.000  -0.000  -0.000 
  0.575   0.000   0.000   0.000   0.000   0.000   0.000   0.000   0.000   0.000   0.000  -0.000  -0.000  -0.000  -0.000  -0.000  -0.000  -0.000  -0.000  -0.000  -0.000 
  0.625   0.000   0.000   0.000   0.000   0.000   0.000   0.000   0.000   0.000  -0.000  -0.000  -0.000  -0.000  -0.000  -0.000  -0.000  -0.000  -0.000  -0.000  -0.000 
  0.675   0.000   0.000   0.000   0.000   0.000   0.000   0.000   0.000  -0.000  -0.000  -0.000  -0.000  -0.000  -0.000  -0.000  -0.000  -0.000  -0.000  -0.000  -0.000 
  0.725   0.000   0.000   0.000   0.000   0.000   0.000   0.000  -0.000  -0.000  -0.000  -0.000  -0.000  -0.000  -0.000  -0.000  -0.000  -0.000  -0.000  -0.000  -0.000 
  0.775   0.000   0.000   0.000   0.000   0.000   0.000  -0.000  -0.000  -0.000  -0.000  -0.000  -0.000  -0.000  -0.000  -0.000  -0.000  -0.000  -0.000  -0.000  -0.000 
  0.825   0.000   0.000   0.000   0.000   0.000  -0.000  -0.000  -0.000  -0.000  -0.000  -0.000  -0.000  -0.000  -0.000  -0.000  -0.000  -0.000  -0.000  -0.000  -0.000 
  0.875   0.000   0.000   0.000   0.000  -0.000  -0.000  -0.000  -0.000  -0.000  -0.000  -0.000  -0.000  -0.000  -0.000  -0.000  -0.000  -0.000  -0.000  -0.000  -0.000 
  0.925   0.000   0.000   0.000  -0.000  -0.000  -0.000  -0.000  -0.000  -0.000  -0.000  -0.000  -0.000  -0.000  -0.000  -0.000  -0.000  -0.000  -0.000  -0.000  -0.000 
  0.975   0.000   0.000  -0.000  -0.000  -0.000  -0.000  -0.000  -0.000  -0.000  -0.000  -0.000  -0.000  -0.000  -0.000  -0.000  -0.000  -0.000  -0.000  -0.000  -0.000 

