#SS heatmap generated by SESCA_bayes:
#Workdir:  /home/gnagy/Programs/SESCA_dev/examples/5-Bayesian_SS
#Spectrum file:        CD_igg2.dat
#Basis set file:       /home/gnagy/Programs/SESCA_dev/libs/Map_BB_DS-dTSC3.dat
#Parameter file:       /home/gnagy/Programs/SESCA_dev/libs/Bayes_2D-SC.dat
#Correction file:      SC_calc.out
#Initial sample size: 100
#Monte Carlo steps:     250
#Fraction of discarded samples:   0.050

#Projection along SS classes:
#     Alpha fraction (vertical)
#      Beta fraction (horizontal)
#Bin probabilities are expressed in percents
#| Hist   0.025   0.075   0.125   0.175   0.225   0.275   0.325   0.375   0.425   0.475   0.525   0.575   0.625   0.675   0.725   0.775   0.825   0.875   0.925   0.975 
  0.025   0.000   0.034   0.046   0.076   5.419  59.482  24.598   4.682   0.408   0.122   0.029   0.000   0.000   0.013   0.000   0.000   0.000   0.000   0.000   0.000 
  0.075   0.000   0.000   0.017   0.000   0.131   0.669   1.608   0.400   0.269   0.059   0.059   0.000   0.000   0.004   0.000   0.000   0.000   0.000   0.000   0.000 
  0.125   0.000   0.000   0.025   0.025   0.051   0.105   0.076   0.059   0.029   0.051   0.013   0.000   0.000   0.000   0.000   0.000   0.000   0.000   0.000  -0.000 
  0.175   0.000   0.000   0.013   0.017   0.122   0.042   0.017   0.021   0.021   0.000   0.000   0.000   0.000   0.008   0.000   0.000   0.000   0.000  -0.000  -0.000 
  0.225   0.004   0.017   0.008   0.084   0.055   0.080   0.034   0.063   0.063   0.046   0.000   0.000   0.000   0.000   0.000   0.000   0.000  -0.000  -0.000  -0.000 
  0.275   0.000   0.013   0.008   0.000   0.034   0.034   0.042   0.076   0.051   0.017   0.008   0.004   0.000   0.000   0.000   0.000  -0.000  -0.000  -0.000  -0.000 
  0.325   0.004   0.000   0.000   0.000   0.004   0.067   0.000   0.046   0.000   0.000   0.000   0.000   0.000   0.000   0.000  -0.000  -0.000  -0.000  -0.000  -0.000 
  0.375   0.013   0.004   0.004   0.008   0.038   0.021   0.042   0.025   0.017   0.000   0.000   0.000   0.000   0.000  -0.000  -0.000  -0.000  -0.000  -0.000  -0.000 
  0.425   0.008   0.051   0.004   0.021   0.000   0.004   0.008   0.000   0.021   0.000   0.000   0.000   0.000  -0.000  -0.000  -0.000  -0.000  -0.000  -0.000  -0.000 
  0.475   0.000   0.004   0.000   0.008   0.004   0.000   0.000   0.000   0.000   0.000   0.000   0.000  -0.000  -0.000  -0.000  -0.000  -0.000  -0.000  -0.000  -0.000 
  0.525   0.000   0.000   0.004   0.004   0.000   0.000   0.000   0.000   0.000   0.000   0.000  -0.000  -0.000  -0.000  -0.000  -0.000  -0.000  -0.000  -0.000  -0.000 
  0.575   0.000   0.000   0.000   0.000   0.000   0.000   0.000   0.000   0.000   0.000  -0.000  -0.000  -0.000  -0.000  -0.000  -0.000  -0.000  -0.000  -0.000  -0.000 
  0.625   0.000   0.000   0.000   0.000   0.000   0.000   0.000   0.000   0.000  -0.000  -0.000  -0.000  -0.000  -0.000  -0.000  -0.000  -0.000  -0.000  -0.000  -0.000 
  0.675   0.000   0.000   0.000   0.000   0.000   0.000   0.000   0.000  -0.000  -0.000  -0.000  -0.000  -0.000  -0.000  -0.000  -0.000  -0.000  -0.000  -0.000  -0.000 
  0.725   0.000   0.000   0.000   0.000   0.000   0.000   0.000  -0.000  -0.000  -0.000  -0.000  -0.000  -0.000  -0.000  -0.000  -0.000  -0.000  -0.000  -0.000  -0.000 
  0.775   0.000   0.000   0.000   0.000   0.000   0.000  -0.000  -0.000  -0.000  -0.000  -0.000  -0.000  -0.000  -0.000  -0.000  -0.000  -0.000  -0.000  -0.000  -0.000 
  0.825   0.000   0.000   0.000   0.000   0.000  -0.000  -0.000  -0.000  -0.000  -0.000  -0.000  -0.000  -0.000  -0.000  -0.000  -0.000  -0.000  -0.000  -0.000  -0.000 
  0.875   0.000   0.000   0.000   0.000  -0.000  -0.000  -0.000  -0.000  -0.000  -0.000  -0.000  -0.000  -0.000  -0.000  -0.000  -0.000  -0.000  -0.000  -0.000  -0.000 
  0.925   0.000   0.000   0.000  -0.000  -0.000  -0.000  -0.000  -0.000  -0.000  -0.000  -0.000  -0.000  -0.000  -0.000  -0.000  -0.000  -0.000  -0.000  -0.000  -0.000 
  0.975   0.000   0.000  -0.000  -0.000  -0.000  -0.000  -0.000  -0.000  -0.000  -0.000  -0.000  -0.000  -0.000  -0.000  -0.000  -0.000  -0.000  -0.000  -0.000  -0.000 

