#Bayesian SS estimation module:
#Workdir:  /home/gnagy/Programs/SESCA_dev/examples/5-Bayesian_SS
#Spectrum file:       CD_igg2.dat
#Basis set file:      /home/gnagy/Programs/SESCA_dev/libs/Map_BB_DS-dTSC3.dat
#Parameter file:      /home/gnagy/Programs/SESCA_dev/libs/Bayes_2D-SC.dat
#Correction file:     SC_calc.out
#Initial sample size: 100
#Monte Carlo steps:   250
#Fraction of discarded samples:     0.050

#Discretized SS dsitribution map:
#  i      SS Class  
#  0  :        Alpha 
#  1  :         Beta 
#  2  :         Coil 
#bin:    0      1      2     P(bin)
       0.025  0.275  0.725  4.947e-01
       0.025  0.325  0.675  1.907e-01
       0.025  0.275  0.675  1.001e-01
       0.025  0.325  0.625  5.533e-02
       0.025  0.225  0.775  4.160e-02
       0.025  0.375  0.625  3.861e-02
       0.075  0.325  0.625  1.293e-02
       0.025  0.225  0.725  1.259e-02
       0.025  0.375  0.575  8.211e-03
       0.075  0.275  0.675  5.137e-03
       0.075  0.375  0.575  3.747e-03
       0.075  0.325  0.575  3.158e-03
       0.025  0.425  0.575  2.695e-03
       0.075  0.275  0.625  1.558e-03
       0.025  0.425  0.525  1.389e-03
       0.075  0.425  0.475  1.389e-03
       0.075  0.425  0.525  1.305e-03
       0.075  0.225  0.725  8.842e-04
       0.125  0.275  0.625  7.579e-04
       0.125  0.325  0.575  7.579e-04
       0.175  0.225  0.575  7.579e-04
       0.025  0.475  0.525  6.737e-04
       0.325  0.275  0.375  6.737e-04
       0.025  0.175  0.825  6.316e-04
       0.225  0.175  0.575  6.316e-04
       0.275  0.375  0.375  6.316e-04
       0.025  0.475  0.475  5.474e-04
       0.225  0.275  0.475  5.474e-04
       0.225  0.425  0.325  5.474e-04
       0.075  0.475  0.475  5.053e-04
       0.125  0.375  0.475  4.632e-04
       0.175  0.225  0.625  4.632e-04
       0.225  0.475  0.275  4.632e-04
       0.075  0.225  0.675  4.211e-04
       0.075  0.525  0.375  4.211e-04
       0.425  0.075  0.475  4.211e-04
       0.025  0.125  0.875  3.789e-04
       0.125  0.475  0.425  3.789e-04
       0.275  0.425  0.275  3.789e-04
       0.375  0.325  0.325  3.789e-04
       0.125  0.225  0.675  3.368e-04
       0.225  0.375  0.425  3.368e-04
       0.275  0.325  0.375  3.368e-04
       0.125  0.275  0.575  2.947e-04
       0.225  0.225  0.575  2.947e-04
       0.225  0.375  0.375  2.947e-04
       0.025  0.075  0.925  2.526e-04
       0.075  0.375  0.525  2.526e-04
       0.125  0.125  0.725  2.526e-04
       0.125  0.175  0.675  2.526e-04
       0.125  0.425  0.475  2.526e-04
       0.175  0.275  0.525  2.526e-04
       0.225  0.225  0.525  2.526e-04
       0.225  0.275  0.525  2.526e-04
       0.325  0.375  0.325  2.526e-04
       0.225  0.175  0.625  2.105e-04
       0.325  0.375  0.275  2.105e-04
       0.375  0.225  0.425  2.105e-04
       0.375  0.275  0.375  2.105e-04
       0.375  0.375  0.225  2.105e-04
       0.425  0.175  0.375  2.105e-04
       0.425  0.425  0.125  2.105e-04
       0.025  0.525  0.425  1.684e-04
       0.075  0.525  0.425  1.684e-04
       0.125  0.225  0.625  1.684e-04
       0.175  0.275  0.575  1.684e-04
       0.175  0.375  0.425  1.684e-04
       0.175  0.425  0.375  1.684e-04
       0.225  0.325  0.425  1.684e-04
       0.225  0.325  0.475  1.684e-04
       0.275  0.225  0.475  1.684e-04
       0.275  0.225  0.525  1.684e-04
       0.275  0.275  0.425  1.684e-04
       0.275  0.275  0.475  1.684e-04
       0.275  0.475  0.275  1.684e-04
       0.375  0.225  0.375  1.684e-04
       0.375  0.425  0.175  1.684e-04
       0.025  0.175  0.775  1.263e-04
       0.025  0.525  0.475  1.263e-04
       0.025  0.675  0.325  1.263e-04
       0.125  0.375  0.525  1.263e-04
       0.125  0.475  0.375  1.263e-04
       0.125  0.525  0.325  1.263e-04
       0.175  0.125  0.675  1.263e-04
       0.175  0.175  0.675  1.263e-04
       0.275  0.375  0.325  1.263e-04
       0.275  0.425  0.325  1.263e-04
       0.375  0.025  0.625  1.263e-04
       0.025  0.075  0.875  8.421e-05
       0.025  0.125  0.825  8.421e-05
       0.075  0.125  0.775  8.421e-05
       0.075  0.125  0.825  8.421e-05
       0.075  0.475  0.425  8.421e-05
       0.175  0.325  0.475  8.421e-05
       0.175  0.325  0.525  8.421e-05
       0.175  0.675  0.175  8.421e-05
       0.225  0.075  0.675  8.421e-05
       0.225  0.075  0.725  8.421e-05
       0.225  0.125  0.675  8.421e-05
       0.225  0.425  0.375  8.421e-05
       0.275  0.075  0.675  8.421e-05
       0.275  0.125  0.575  8.421e-05
       0.275  0.325  0.425  8.421e-05
       0.275  0.525  0.225  8.421e-05
       0.425  0.075  0.525  8.421e-05
       0.425  0.325  0.275  8.421e-05
       0.475  0.175  0.325  8.421e-05
       0.075  0.675  0.225  4.211e-05
       0.125  0.425  0.425  4.211e-05
       0.175  0.175  0.625  4.211e-05
       0.175  0.375  0.475  4.211e-05
       0.175  0.425  0.425  4.211e-05
       0.225  0.025  0.725  4.211e-05
       0.275  0.075  0.625  4.211e-05
       0.275  0.575  0.175  4.211e-05
       0.325  0.025  0.625  4.211e-05
       0.325  0.225  0.425  4.211e-05
       0.375  0.075  0.525  4.211e-05
       0.375  0.125  0.525  4.211e-05
       0.375  0.175  0.425  4.211e-05
       0.375  0.175  0.475  4.211e-05
       0.375  0.325  0.275  4.211e-05
       0.375  0.375  0.275  4.211e-05
       0.425  0.025  0.525  4.211e-05
       0.425  0.025  0.575  4.211e-05
       0.425  0.125  0.425  4.211e-05
       0.425  0.275  0.325  4.211e-05
       0.475  0.075  0.475  4.211e-05
       0.475  0.225  0.275  4.211e-05
       0.525  0.125  0.375  4.211e-05
       0.525  0.175  0.275  4.211e-05
       0.025  0.025  0.875  0.000e+00
       0.025  0.025  0.925  0.000e+00
       0.025  0.025  0.975  0.000e+00
       0.025  0.075  0.825  0.000e+00
       0.025  0.075  0.975  0.000e+00
       0.025  0.125  0.775  0.000e+00
       0.025  0.125  0.925  0.000e+00
       0.025  0.175  0.725  0.000e+00
       0.025  0.175  0.875  0.000e+00
       0.025  0.225  0.675  0.000e+00
       0.025  0.225  0.825  0.000e+00
       0.025  0.275  0.625  0.000e+00
       0.025  0.275  0.775  0.000e+00
       0.025  0.325  0.575  0.000e+00
       0.025  0.325  0.725  0.000e+00
       0.025  0.375  0.525  0.000e+00
       0.025  0.375  0.675  0.000e+00
       0.025  0.425  0.475  0.000e+00
       0.025  0.425  0.625  0.000e+00
       0.025  0.475  0.425  0.000e+00
       0.025  0.475  0.575  0.000e+00
       0.025  0.525  0.375  0.000e+00
       0.025  0.525  0.525  0.000e+00
       0.025  0.575  0.325  0.000e+00
       0.025  0.575  0.375  0.000e+00
       0.025  0.575  0.425  0.000e+00
       0.025  0.575  0.475  0.000e+00
       0.025  0.625  0.275  0.000e+00
       0.025  0.625  0.325  0.000e+00
       0.025  0.625  0.375  0.000e+00
       0.025  0.625  0.425  0.000e+00
       0.025  0.675  0.225  0.000e+00
       0.025  0.675  0.275  0.000e+00
       0.025  0.675  0.375  0.000e+00
       0.025  0.725  0.175  0.000e+00
       0.025  0.725  0.225  0.000e+00
       0.025  0.725  0.275  0.000e+00
       0.025  0.725  0.325  0.000e+00
       0.025  0.775  0.125  0.000e+00
       0.025  0.775  0.175  0.000e+00
       0.025  0.775  0.225  0.000e+00
       0.025  0.775  0.275  0.000e+00
       0.025  0.825  0.075  0.000e+00
       0.025  0.825  0.125  0.000e+00
       0.025  0.825  0.175  0.000e+00
       0.025  0.825  0.225  0.000e+00
       0.025  0.875  0.025  0.000e+00
       0.025  0.875  0.075  0.000e+00
       0.025  0.875  0.125  0.000e+00
       0.025  0.875  0.175  0.000e+00
       0.025  0.925  0.025  0.000e+00
       0.025  0.925  0.075  0.000e+00
       0.025  0.925  0.125  0.000e+00
       0.025  0.975  0.025  0.000e+00
       0.025  0.975  0.075  0.000e+00
       0.075  0.025  0.825  0.000e+00
       0.075  0.025  0.875  0.000e+00
       0.075  0.025  0.925  0.000e+00
       0.075  0.025  0.975  0.000e+00
       0.075  0.075  0.775  0.000e+00
       0.075  0.075  0.825  0.000e+00
       0.075  0.075  0.875  0.000e+00
       0.075  0.075  0.925  0.000e+00
       0.075  0.125  0.725  0.000e+00
       0.075  0.125  0.875  0.000e+00
       0.075  0.175  0.675  0.000e+00
       0.075  0.175  0.725  0.000e+00
       0.075  0.175  0.775  0.000e+00
       0.075  0.175  0.825  0.000e+00
       0.075  0.225  0.625  0.000e+00
       0.075  0.225  0.775  0.000e+00
       0.075  0.275  0.575  0.000e+00
       0.075  0.275  0.725  0.000e+00
       0.075  0.325  0.525  0.000e+00
       0.075  0.325  0.675  0.000e+00
       0.075  0.375  0.475  0.000e+00
       0.075  0.375  0.625  0.000e+00
       0.075  0.425  0.425  0.000e+00
       0.075  0.425  0.575  0.000e+00
       0.075  0.475  0.375  0.000e+00
       0.075  0.475  0.525  0.000e+00
       0.075  0.525  0.325  0.000e+00
       0.075  0.525  0.475  0.000e+00
       0.075  0.575  0.275  0.000e+00
       0.075  0.575  0.325  0.000e+00
       0.075  0.575  0.375  0.000e+00
       0.075  0.575  0.425  0.000e+00
       0.075  0.625  0.225  0.000e+00
       0.075  0.625  0.275  0.000e+00
       0.075  0.625  0.325  0.000e+00
       0.075  0.675  0.175  0.000e+00
       0.075  0.675  0.275  0.000e+00
       0.075  0.675  0.325  0.000e+00
       0.075  0.725  0.125  0.000e+00
       0.075  0.725  0.175  0.000e+00
       0.075  0.725  0.225  0.000e+00
       0.075  0.725  0.275  0.000e+00
       0.075  0.775  0.075  0.000e+00
       0.075  0.775  0.125  0.000e+00
       0.075  0.775  0.175  0.000e+00
       0.075  0.775  0.225  0.000e+00
       0.075  0.825  0.025  0.000e+00
       0.075  0.825  0.075  0.000e+00
       0.075  0.825  0.125  0.000e+00
       0.075  0.825  0.175  0.000e+00
       0.075  0.875  0.025  0.000e+00
       0.075  0.875  0.075  0.000e+00
       0.075  0.925  0.025  0.000e+00
       0.075  0.925  0.075  0.000e+00
       0.075  0.975  0.025  0.000e+00
       0.125  0.025  0.775  0.000e+00
       0.125  0.025  0.825  0.000e+00
       0.125  0.025  0.875  0.000e+00
       0.125  0.025  0.925  0.000e+00
       0.125  0.075  0.725  0.000e+00
       0.125  0.075  0.775  0.000e+00
       0.125  0.075  0.825  0.000e+00
       0.125  0.075  0.875  0.000e+00
       0.125  0.125  0.675  0.000e+00
       0.125  0.125  0.775  0.000e+00
       0.125  0.125  0.825  0.000e+00
       0.125  0.175  0.625  0.000e+00
       0.125  0.175  0.725  0.000e+00
       0.125  0.175  0.775  0.000e+00
       0.125  0.225  0.575  0.000e+00
       0.125  0.225  0.725  0.000e+00
       0.125  0.275  0.525  0.000e+00
       0.125  0.275  0.675  0.000e+00
       0.125  0.325  0.475  0.000e+00
       0.125  0.325  0.525  0.000e+00
       0.125  0.325  0.625  0.000e+00
       0.125  0.375  0.425  0.000e+00
       0.125  0.375  0.575  0.000e+00
       0.125  0.425  0.375  0.000e+00
       0.125  0.425  0.525  0.000e+00
       0.125  0.475  0.325  0.000e+00
       0.125  0.475  0.475  0.000e+00
       0.125  0.525  0.275  0.000e+00
       0.125  0.525  0.375  0.000e+00
       0.125  0.525  0.425  0.000e+00
       0.125  0.575  0.225  0.000e+00
       0.125  0.575  0.275  0.000e+00
       0.125  0.575  0.325  0.000e+00
       0.125  0.575  0.375  0.000e+00
       0.125  0.625  0.175  0.000e+00
       0.125  0.625  0.225  0.000e+00
       0.125  0.625  0.275  0.000e+00
       0.125  0.625  0.325  0.000e+00
       0.125  0.675  0.125  0.000e+00
       0.125  0.675  0.175  0.000e+00
       0.125  0.675  0.225  0.000e+00
       0.125  0.675  0.275  0.000e+00
       0.125  0.725  0.075  0.000e+00
       0.125  0.725  0.125  0.000e+00
       0.125  0.725  0.175  0.000e+00
       0.125  0.725  0.225  0.000e+00
       0.125  0.775  0.025  0.000e+00
       0.125  0.775  0.075  0.000e+00
       0.125  0.775  0.125  0.000e+00
       0.125  0.775  0.175  0.000e+00
       0.125  0.825  0.025  0.000e+00
       0.125  0.825  0.075  0.000e+00
       0.125  0.825  0.125  0.000e+00
       0.125  0.875  0.025  0.000e+00
       0.125  0.875  0.075  0.000e+00
       0.125  0.925  0.025  0.000e+00
       0.175  0.025  0.725  0.000e+00
       0.175  0.025  0.775  0.000e+00
       0.175  0.025  0.825  0.000e+00
       0.175  0.025  0.875  0.000e+00
       0.175  0.075  0.675  0.000e+00
       0.175  0.075  0.725  0.000e+00
       0.175  0.075  0.775  0.000e+00
       0.175  0.075  0.825  0.000e+00
       0.175  0.125  0.625  0.000e+00
       0.175  0.125  0.725  0.000e+00
       0.175  0.125  0.775  0.000e+00
       0.175  0.175  0.575  0.000e+00
       0.175  0.175  0.725  0.000e+00
       0.175  0.225  0.525  0.000e+00
       0.175  0.225  0.675  0.000e+00
       0.175  0.275  0.475  0.000e+00
       0.175  0.275  0.625  0.000e+00
       0.175  0.325  0.425  0.000e+00
       0.175  0.325  0.575  0.000e+00
       0.175  0.375  0.375  0.000e+00
       0.175  0.375  0.525  0.000e+00
       0.175  0.425  0.325  0.000e+00
       0.175  0.425  0.475  0.000e+00
       0.175  0.475  0.275  0.000e+00
       0.175  0.475  0.325  0.000e+00
       0.175  0.475  0.375  0.000e+00
       0.175  0.475  0.425  0.000e+00
       0.175  0.525  0.225  0.000e+00
       0.175  0.525  0.275  0.000e+00
       0.175  0.525  0.325  0.000e+00
       0.175  0.525  0.375  0.000e+00
       0.175  0.575  0.175  0.000e+00
       0.175  0.575  0.225  0.000e+00
       0.175  0.575  0.275  0.000e+00
       0.175  0.575  0.325  0.000e+00
       0.175  0.625  0.125  0.000e+00
       0.175  0.625  0.175  0.000e+00
       0.175  0.625  0.225  0.000e+00
       0.175  0.625  0.275  0.000e+00
       0.175  0.675  0.075  0.000e+00
       0.175  0.675  0.125  0.000e+00
       0.175  0.675  0.225  0.000e+00
       0.175  0.725  0.025  0.000e+00
       0.175  0.725  0.075  0.000e+00
       0.175  0.725  0.125  0.000e+00
       0.175  0.725  0.175  0.000e+00
       0.175  0.775  0.025  0.000e+00
       0.175  0.775  0.075  0.000e+00
       0.175  0.775  0.125  0.000e+00
       0.175  0.825  0.025  0.000e+00
       0.175  0.825  0.075  0.000e+00
       0.175  0.875  0.025  0.000e+00
       0.225  0.025  0.675  0.000e+00
       0.225  0.025  0.775  0.000e+00
       0.225  0.025  0.825  0.000e+00
       0.225  0.075  0.625  0.000e+00
       0.225  0.075  0.775  0.000e+00
       0.225  0.125  0.575  0.000e+00
       0.225  0.125  0.625  0.000e+00
       0.225  0.125  0.725  0.000e+00
       0.225  0.175  0.525  0.000e+00
       0.225  0.175  0.675  0.000e+00
       0.225  0.225  0.475  0.000e+00
       0.225  0.225  0.625  0.000e+00
       0.225  0.275  0.425  0.000e+00
       0.225  0.275  0.575  0.000e+00
       0.225  0.325  0.375  0.000e+00
       0.225  0.325  0.525  0.000e+00
       0.225  0.375  0.325  0.000e+00
       0.225  0.375  0.475  0.000e+00
       0.225  0.425  0.275  0.000e+00
       0.225  0.425  0.425  0.000e+00
       0.225  0.475  0.225  0.000e+00
       0.225  0.475  0.325  0.000e+00
       0.225  0.475  0.375  0.000e+00
       0.225  0.525  0.175  0.000e+00
       0.225  0.525  0.225  0.000e+00
       0.225  0.525  0.275  0.000e+00
       0.225  0.525  0.325  0.000e+00
       0.225  0.575  0.125  0.000e+00
       0.225  0.575  0.175  0.000e+00
       0.225  0.575  0.225  0.000e+00
       0.225  0.575  0.275  0.000e+00
       0.225  0.625  0.075  0.000e+00
       0.225  0.625  0.125  0.000e+00
       0.225  0.625  0.175  0.000e+00
       0.225  0.625  0.225  0.000e+00
       0.225  0.675  0.025  0.000e+00
       0.225  0.675  0.075  0.000e+00
       0.225  0.675  0.125  0.000e+00
       0.225  0.675  0.175  0.000e+00
       0.225  0.725  0.025  0.000e+00
       0.225  0.725  0.075  0.000e+00
       0.225  0.775  0.025  0.000e+00
       0.225  0.775  0.075  0.000e+00
       0.225  0.825  0.025  0.000e+00
       0.275  0.025  0.625  0.000e+00
       0.275  0.025  0.675  0.000e+00
       0.275  0.025  0.725  0.000e+00
       0.275  0.025  0.775  0.000e+00
       0.275  0.075  0.575  0.000e+00
       0.275  0.075  0.725  0.000e+00
       0.275  0.125  0.525  0.000e+00
       0.275  0.125  0.625  0.000e+00
       0.275  0.125  0.675  0.000e+00
       0.275  0.175  0.475  0.000e+00
       0.275  0.175  0.525  0.000e+00
       0.275  0.175  0.575  0.000e+00
       0.275  0.175  0.625  0.000e+00
       0.275  0.225  0.425  0.000e+00
       0.275  0.225  0.575  0.000e+00
       0.275  0.275  0.375  0.000e+00
       0.275  0.275  0.525  0.000e+00
       0.275  0.325  0.325  0.000e+00
       0.275  0.325  0.475  0.000e+00
       0.275  0.375  0.275  0.000e+00
       0.275  0.375  0.425  0.000e+00
       0.275  0.425  0.225  0.000e+00
       0.275  0.425  0.375  0.000e+00
       0.275  0.475  0.175  0.000e+00
       0.275  0.475  0.225  0.000e+00
       0.275  0.475  0.325  0.000e+00
       0.275  0.525  0.125  0.000e+00
       0.275  0.525  0.175  0.000e+00
       0.275  0.525  0.275  0.000e+00
       0.275  0.575  0.075  0.000e+00
       0.275  0.575  0.125  0.000e+00
       0.275  0.575  0.225  0.000e+00
       0.275  0.625  0.025  0.000e+00
       0.275  0.625  0.075  0.000e+00
       0.275  0.625  0.125  0.000e+00
       0.275  0.625  0.175  0.000e+00
       0.275  0.675  0.025  0.000e+00
       0.275  0.675  0.075  0.000e+00
       0.275  0.675  0.125  0.000e+00
       0.275  0.725  0.025  0.000e+00
       0.275  0.725  0.075  0.000e+00
       0.275  0.775  0.025  0.000e+00
       0.325  0.025  0.575  0.000e+00
       0.325  0.025  0.675  0.000e+00
       0.325  0.025  0.725  0.000e+00
       0.325  0.075  0.525  0.000e+00
       0.325  0.075  0.575  0.000e+00
       0.325  0.075  0.625  0.000e+00
       0.325  0.075  0.675  0.000e+00
       0.325  0.125  0.475  0.000e+00
       0.325  0.125  0.525  0.000e+00
       0.325  0.125  0.575  0.000e+00
       0.325  0.125  0.625  0.000e+00
       0.325  0.175  0.425  0.000e+00
       0.325  0.175  0.475  0.000e+00
       0.325  0.175  0.525  0.000e+00
       0.325  0.175  0.575  0.000e+00
       0.325  0.225  0.375  0.000e+00
       0.325  0.225  0.475  0.000e+00
       0.325  0.225  0.525  0.000e+00
       0.325  0.275  0.325  0.000e+00
       0.325  0.275  0.425  0.000e+00
       0.325  0.275  0.475  0.000e+00
       0.325  0.325  0.275  0.000e+00
       0.325  0.325  0.325  0.000e+00
       0.325  0.325  0.375  0.000e+00
       0.325  0.325  0.425  0.000e+00
       0.325  0.375  0.225  0.000e+00
       0.325  0.425  0.175  0.000e+00
       0.325  0.425  0.225  0.000e+00
       0.325  0.425  0.275  0.000e+00
       0.325  0.425  0.325  0.000e+00
       0.325  0.475  0.125  0.000e+00
       0.325  0.475  0.175  0.000e+00
       0.325  0.475  0.225  0.000e+00
       0.325  0.475  0.275  0.000e+00
       0.325  0.525  0.075  0.000e+00
       0.325  0.525  0.125  0.000e+00
       0.325  0.525  0.175  0.000e+00
       0.325  0.525  0.225  0.000e+00
       0.325  0.575  0.025  0.000e+00
       0.325  0.575  0.075  0.000e+00
       0.325  0.575  0.125  0.000e+00
       0.325  0.575  0.175  0.000e+00
       0.325  0.625  0.025  0.000e+00
       0.325  0.625  0.075  0.000e+00
       0.325  0.675  0.025  0.000e+00
       0.325  0.675  0.075  0.000e+00
       0.325  0.725  0.025  0.000e+00
       0.375  0.025  0.525  0.000e+00
       0.375  0.025  0.575  0.000e+00
       0.375  0.025  0.675  0.000e+00
       0.375  0.075  0.475  0.000e+00
       0.375  0.075  0.575  0.000e+00
       0.375  0.075  0.625  0.000e+00
       0.375  0.125  0.425  0.000e+00
       0.375  0.125  0.475  0.000e+00
       0.375  0.125  0.575  0.000e+00
       0.375  0.175  0.375  0.000e+00
       0.375  0.175  0.525  0.000e+00
       0.375  0.225  0.325  0.000e+00
       0.375  0.225  0.475  0.000e+00
       0.375  0.275  0.275  0.000e+00
       0.375  0.275  0.325  0.000e+00
       0.375  0.275  0.425  0.000e+00
       0.375  0.325  0.225  0.000e+00
       0.375  0.375  0.175  0.000e+00
       0.375  0.375  0.325  0.000e+00
       0.375  0.425  0.125  0.000e+00
       0.375  0.425  0.225  0.000e+00
       0.375  0.425  0.275  0.000e+00
       0.375  0.475  0.075  0.000e+00
       0.375  0.475  0.125  0.000e+00
       0.375  0.475  0.175  0.000e+00
       0.375  0.475  0.225  0.000e+00
       0.375  0.525  0.025  0.000e+00
       0.375  0.525  0.075  0.000e+00
       0.375  0.525  0.125  0.000e+00
       0.375  0.525  0.175  0.000e+00
       0.375  0.575  0.025  0.000e+00
       0.375  0.575  0.075  0.000e+00
       0.375  0.625  0.025  0.000e+00
       0.375  0.675  0.025  0.000e+00
       0.425  0.025  0.475  0.000e+00
       0.425  0.025  0.625  0.000e+00
       0.425  0.075  0.425  0.000e+00
       0.425  0.075  0.575  0.000e+00
       0.425  0.125  0.375  0.000e+00
       0.425  0.125  0.475  0.000e+00
       0.425  0.125  0.525  0.000e+00
       0.425  0.175  0.325  0.000e+00
       0.425  0.175  0.425  0.000e+00
       0.425  0.175  0.475  0.000e+00
       0.425  0.225  0.275  0.000e+00
       0.425  0.225  0.325  0.000e+00
       0.425  0.225  0.375  0.000e+00
       0.425  0.225  0.425  0.000e+00
       0.425  0.275  0.225  0.000e+00
       0.425  0.275  0.275  0.000e+00
       0.425  0.275  0.375  0.000e+00
       0.425  0.325  0.175  0.000e+00
       0.425  0.325  0.225  0.000e+00
       0.425  0.325  0.325  0.000e+00
       0.425  0.375  0.125  0.000e+00
       0.425  0.375  0.175  0.000e+00
       0.425  0.375  0.225  0.000e+00
       0.425  0.375  0.275  0.000e+00
       0.425  0.425  0.075  0.000e+00
       0.425  0.425  0.175  0.000e+00
       0.425  0.425  0.225  0.000e+00
       0.425  0.475  0.025  0.000e+00
       0.425  0.475  0.075  0.000e+00
       0.425  0.475  0.125  0.000e+00
       0.425  0.475  0.175  0.000e+00
       0.425  0.525  0.025  0.000e+00
       0.425  0.525  0.075  0.000e+00
       0.425  0.525  0.125  0.000e+00
       0.425  0.575  0.025  0.000e+00
       0.425  0.575  0.075  0.000e+00
       0.425  0.625  0.025  0.000e+00
       0.475  0.025  0.425  0.000e+00
       0.475  0.025  0.475  0.000e+00
       0.475  0.025  0.525  0.000e+00
       0.475  0.025  0.575  0.000e+00
       0.475  0.075  0.375  0.000e+00
       0.475  0.075  0.425  0.000e+00
       0.475  0.075  0.525  0.000e+00
       0.475  0.125  0.325  0.000e+00
       0.475  0.125  0.375  0.000e+00
       0.475  0.125  0.425  0.000e+00
       0.475  0.125  0.475  0.000e+00
       0.475  0.175  0.275  0.000e+00
       0.475  0.175  0.375  0.000e+00
       0.475  0.175  0.425  0.000e+00
       0.475  0.225  0.225  0.000e+00
       0.475  0.225  0.325  0.000e+00
       0.475  0.225  0.375  0.000e+00
       0.475  0.275  0.175  0.000e+00
       0.475  0.275  0.225  0.000e+00
       0.475  0.275  0.275  0.000e+00
       0.475  0.275  0.325  0.000e+00
       0.475  0.325  0.125  0.000e+00
       0.475  0.325  0.175  0.000e+00
       0.475  0.325  0.225  0.000e+00
       0.475  0.325  0.275  0.000e+00
       0.475  0.375  0.075  0.000e+00
       0.475  0.375  0.125  0.000e+00
       0.475  0.375  0.175  0.000e+00
       0.475  0.375  0.225  0.000e+00
       0.475  0.425  0.025  0.000e+00
       0.475  0.425  0.075  0.000e+00
       0.475  0.425  0.125  0.000e+00
       0.475  0.425  0.175  0.000e+00
       0.475  0.475  0.025  0.000e+00
       0.475  0.475  0.075  0.000e+00
       0.475  0.475  0.125  0.000e+00
       0.475  0.525  0.025  0.000e+00
       0.475  0.525  0.075  0.000e+00
       0.475  0.575  0.025  0.000e+00
       0.525  0.025  0.375  0.000e+00
       0.525  0.025  0.425  0.000e+00
       0.525  0.025  0.475  0.000e+00
       0.525  0.025  0.525  0.000e+00
       0.525  0.075  0.325  0.000e+00
       0.525  0.075  0.375  0.000e+00
       0.525  0.075  0.425  0.000e+00
       0.525  0.075  0.475  0.000e+00
       0.525  0.125  0.275  0.000e+00
       0.525  0.125  0.325  0.000e+00
       0.525  0.125  0.425  0.000e+00
       0.525  0.175  0.225  0.000e+00
       0.525  0.175  0.325  0.000e+00
       0.525  0.175  0.375  0.000e+00
       0.525  0.225  0.175  0.000e+00
       0.525  0.225  0.225  0.000e+00
       0.525  0.225  0.275  0.000e+00
       0.525  0.225  0.325  0.000e+00
       0.525  0.275  0.125  0.000e+00
       0.525  0.275  0.175  0.000e+00
       0.525  0.275  0.225  0.000e+00
       0.525  0.275  0.275  0.000e+00
       0.525  0.325  0.075  0.000e+00
       0.525  0.325  0.125  0.000e+00
       0.525  0.325  0.175  0.000e+00
       0.525  0.325  0.225  0.000e+00
       0.525  0.375  0.025  0.000e+00
       0.525  0.375  0.075  0.000e+00
       0.525  0.375  0.125  0.000e+00
       0.525  0.375  0.175  0.000e+00
       0.525  0.425  0.025  0.000e+00
       0.525  0.425  0.075  0.000e+00
       0.525  0.425  0.125  0.000e+00
       0.525  0.475  0.025  0.000e+00
       0.525  0.475  0.075  0.000e+00
       0.525  0.525  0.025  0.000e+00
       0.575  0.025  0.325  0.000e+00
       0.575  0.025  0.375  0.000e+00
       0.575  0.025  0.425  0.000e+00
       0.575  0.025  0.475  0.000e+00
       0.575  0.075  0.275  0.000e+00
       0.575  0.075  0.325  0.000e+00
       0.575  0.075  0.375  0.000e+00
       0.575  0.075  0.425  0.000e+00
       0.575  0.125  0.225  0.000e+00
       0.575  0.125  0.275  0.000e+00
       0.575  0.125  0.325  0.000e+00
       0.575  0.125  0.375  0.000e+00
       0.575  0.175  0.175  0.000e+00
       0.575  0.175  0.225  0.000e+00
       0.575  0.175  0.275  0.000e+00
       0.575  0.175  0.325  0.000e+00
       0.575  0.225  0.125  0.000e+00
       0.575  0.225  0.175  0.000e+00
       0.575  0.225  0.225  0.000e+00
       0.575  0.225  0.275  0.000e+00
       0.575  0.275  0.075  0.000e+00
       0.575  0.275  0.125  0.000e+00
       0.575  0.275  0.175  0.000e+00
       0.575  0.275  0.225  0.000e+00
       0.575  0.325  0.025  0.000e+00
       0.575  0.325  0.075  0.000e+00
       0.575  0.325  0.125  0.000e+00
       0.575  0.325  0.175  0.000e+00
       0.575  0.375  0.025  0.000e+00
       0.575  0.375  0.075  0.000e+00
       0.575  0.425  0.025  0.000e+00
       0.575  0.425  0.075  0.000e+00
       0.575  0.475  0.025  0.000e+00
       0.625  0.025  0.275  0.000e+00
       0.625  0.025  0.325  0.000e+00
       0.625  0.025  0.375  0.000e+00
       0.625  0.025  0.425  0.000e+00
       0.625  0.075  0.225  0.000e+00
       0.625  0.075  0.275  0.000e+00
       0.625  0.075  0.325  0.000e+00
       0.625  0.125  0.175  0.000e+00
       0.625  0.125  0.225  0.000e+00
       0.625  0.125  0.275  0.000e+00
       0.625  0.125  0.325  0.000e+00
       0.625  0.175  0.125  0.000e+00
       0.625  0.175  0.175  0.000e+00
       0.625  0.175  0.225  0.000e+00
       0.625  0.175  0.275  0.000e+00
       0.625  0.225  0.075  0.000e+00
       0.625  0.225  0.125  0.000e+00
       0.625  0.225  0.175  0.000e+00
       0.625  0.225  0.225  0.000e+00
       0.625  0.275  0.025  0.000e+00
       0.625  0.275  0.075  0.000e+00
       0.625  0.275  0.125  0.000e+00
       0.625  0.275  0.175  0.000e+00
       0.625  0.325  0.025  0.000e+00
       0.625  0.325  0.075  0.000e+00
       0.625  0.375  0.025  0.000e+00
       0.625  0.425  0.025  0.000e+00
       0.675  0.025  0.225  0.000e+00
       0.675  0.025  0.275  0.000e+00
       0.675  0.025  0.325  0.000e+00
       0.675  0.025  0.375  0.000e+00
       0.675  0.075  0.175  0.000e+00
       0.675  0.075  0.225  0.000e+00
       0.675  0.075  0.275  0.000e+00
       0.675  0.075  0.325  0.000e+00
       0.675  0.125  0.125  0.000e+00
       0.675  0.125  0.175  0.000e+00
       0.675  0.125  0.225  0.000e+00
       0.675  0.125  0.275  0.000e+00
       0.675  0.175  0.075  0.000e+00
       0.675  0.175  0.125  0.000e+00
       0.675  0.175  0.175  0.000e+00
       0.675  0.175  0.225  0.000e+00
       0.675  0.225  0.025  0.000e+00
       0.675  0.225  0.075  0.000e+00
       0.675  0.225  0.125  0.000e+00
       0.675  0.225  0.175  0.000e+00
       0.675  0.275  0.025  0.000e+00
       0.675  0.275  0.075  0.000e+00
       0.675  0.275  0.125  0.000e+00
       0.675  0.325  0.025  0.000e+00
       0.675  0.325  0.075  0.000e+00
       0.675  0.375  0.025  0.000e+00
       0.725  0.025  0.175  0.000e+00
       0.725  0.025  0.225  0.000e+00
       0.725  0.025  0.275  0.000e+00
       0.725  0.025  0.325  0.000e+00
       0.725  0.075  0.125  0.000e+00
       0.725  0.075  0.175  0.000e+00
       0.725  0.075  0.225  0.000e+00
       0.725  0.075  0.275  0.000e+00
       0.725  0.125  0.075  0.000e+00
       0.725  0.125  0.125  0.000e+00
       0.725  0.125  0.175  0.000e+00
       0.725  0.125  0.225  0.000e+00
       0.725  0.175  0.025  0.000e+00
       0.725  0.175  0.075  0.000e+00
       0.725  0.175  0.125  0.000e+00
       0.725  0.175  0.175  0.000e+00
       0.725  0.225  0.025  0.000e+00
       0.725  0.225  0.075  0.000e+00
       0.725  0.275  0.025  0.000e+00
       0.725  0.275  0.075  0.000e+00
       0.725  0.325  0.025  0.000e+00
       0.775  0.025  0.125  0.000e+00
       0.775  0.025  0.175  0.000e+00
       0.775  0.025  0.225  0.000e+00
       0.775  0.025  0.275  0.000e+00
       0.775  0.075  0.075  0.000e+00
       0.775  0.075  0.125  0.000e+00
       0.775  0.075  0.175  0.000e+00
       0.775  0.075  0.225  0.000e+00
       0.775  0.125  0.025  0.000e+00
       0.775  0.125  0.075  0.000e+00
       0.775  0.125  0.125  0.000e+00
       0.775  0.125  0.175  0.000e+00
       0.775  0.175  0.025  0.000e+00
       0.775  0.175  0.075  0.000e+00
       0.775  0.175  0.125  0.000e+00
       0.775  0.225  0.025  0.000e+00
       0.775  0.225  0.075  0.000e+00
       0.775  0.275  0.025  0.000e+00
       0.825  0.025  0.075  0.000e+00
       0.825  0.025  0.125  0.000e+00
       0.825  0.025  0.175  0.000e+00
       0.825  0.025  0.225  0.000e+00
       0.825  0.075  0.025  0.000e+00
       0.825  0.075  0.075  0.000e+00
       0.825  0.075  0.125  0.000e+00
       0.825  0.075  0.175  0.000e+00
       0.825  0.125  0.025  0.000e+00
       0.825  0.125  0.075  0.000e+00
       0.825  0.125  0.125  0.000e+00
       0.825  0.175  0.025  0.000e+00
       0.825  0.175  0.075  0.000e+00
       0.825  0.225  0.025  0.000e+00
       0.875  0.025  0.025  0.000e+00
       0.875  0.025  0.075  0.000e+00
       0.875  0.025  0.125  0.000e+00
       0.875  0.025  0.175  0.000e+00
       0.875  0.075  0.025  0.000e+00
       0.875  0.075  0.075  0.000e+00
       0.875  0.125  0.025  0.000e+00
       0.875  0.125  0.075  0.000e+00
       0.875  0.175  0.025  0.000e+00
       0.925  0.025  0.025  0.000e+00
       0.925  0.025  0.075  0.000e+00
       0.925  0.025  0.125  0.000e+00
       0.925  0.075  0.025  0.000e+00
       0.925  0.075  0.075  0.000e+00
       0.925  0.125  0.025  0.000e+00
       0.975  0.025  0.025  0.000e+00
       0.975  0.025  0.075  0.000e+00
       0.975  0.075  0.025  0.000e+00


#Scaling factor distribution:
#  SFj    P(SFj)
 0.200   0.002
 0.400   0.003
 0.600   0.004
 0.800   0.052
 1.000   0.692
 1.200   0.231
 1.400   0.011
 1.600   0.003
 1.800   0.001
 2.000   0.000
 2.200   0.000
 2.400   0.000
 2.600   0.000
 2.800   0.000
 3.000   0.000
 3.200   0.000
 3.400   0.000
 3.600   0.000
 3.800   0.000
 4.000   0.000
 4.200   0.000
 4.400   0.000
 4.600   0.000
 4.800   0.000

#Avg. Scaling factor : 1.1606 +/- 0.1309
#Weighting factors for the most likely SS composition (Avg +/- SD):
#        Alpha  :   0.0264   +/- 0.0716
#         Beta  :   0.2964   +/- 0.0481
#         Coil  :   0.6772   +/- 0.0876

