#SS heatmap generated by SESCA_bayes:
#Workdir:  /home/gnagy/Programs/SESCA_dev/examples/5-Bayesian_SS
#Spectrum file:        CD_igg2.dat
#Basis set file:       /home/gnagy/Programs/SESCA_dev/libs/Map_BB_DS-dTSC3.dat
#Parameter file:       Bayes_1D_example.dat
#Correction file:      SC_calc.out
#Initial sample size: 100
#Monte Carlo steps:     250
#Fraction of discarded samples:   0.050

#Projection along SS classes:
#     Alpha fraction (vertical)
#      Beta fraction (horizontal)
#Bin probabilities are expressed in percents
#| Hist   0.050   0.150   0.250   0.350   0.450   0.550   0.650   0.750   0.850   0.950 
  0.050   0.013   0.093  17.196  40.379  38.076   4.067   0.088   0.000   0.000   0.000 
  0.150   0.000   0.017   0.042   0.017   0.000   0.000   0.000   0.000   0.000   0.000 
  0.250   0.004   0.000   0.000   0.000   0.000   0.000   0.000   0.000   0.000  -0.000 
  0.350   0.008   0.000   0.000   0.000   0.000   0.000   0.000   0.000  -0.000  -0.000 
  0.450   0.000   0.000   0.000   0.000   0.000   0.000   0.000  -0.000  -0.000  -0.000 
  0.550   0.000   0.000   0.000   0.000   0.000   0.000  -0.000  -0.000  -0.000  -0.000 
  0.650   0.000   0.000   0.000   0.000   0.000  -0.000  -0.000  -0.000  -0.000  -0.000 
  0.750   0.000   0.000   0.000   0.000  -0.000  -0.000  -0.000  -0.000  -0.000  -0.000 
  0.850   0.000   0.000   0.000  -0.000  -0.000  -0.000  -0.000  -0.000  -0.000  -0.000 
  0.950   0.000   0.000  -0.000  -0.000  -0.000  -0.000  -0.000  -0.000  -0.000  -0.000 

