#SS heatmap generated by SESCA_bayes:
#Workdir:  /home/gnagy/Programs/SESCA_dev/examples/5-Bayesian_SS
#Spectrum file:        CD_igg2.dat
#Basis set file:       /home/gnagy/Programs/SESCA_dev/libs/Map_BB_HBSS-3SC1.dat
#Parameter file:       Bayes_2D_HBSS-3SC1.dat
#Correction file:      SC_1igt_HBSS-3.out
#Initial sample size: 100
#Monte Carlo steps:     250
#Fraction of discarded samples:   0.050

#Projection along SS classes:
# Helix_reg fraction (vertical)
#  Beta_all fraction (horizontal)
#Bin probabilities are expressed in percents
#| Hist   0.050   0.150   0.250   0.350   0.450   0.550   0.650   0.750   0.850   0.950 
  0.050   0.404   9.179  68.733  20.627   0.063   0.000   0.000   0.000   0.000   0.000 
  0.150   0.084   0.131   0.299   0.063   0.000   0.000   0.000   0.000   0.000   0.000 
  0.250   0.021   0.072   0.240   0.013   0.000   0.000   0.000   0.000   0.000  -0.000 
  0.350   0.059   0.013   0.000   0.000   0.000   0.000   0.000   0.000  -0.000  -0.000 
  0.450   0.000   0.000   0.000   0.000   0.000   0.000   0.000  -0.000  -0.000  -0.000 
  0.550   0.000   0.000   0.000   0.000   0.000   0.000  -0.000  -0.000  -0.000  -0.000 
  0.650   0.000   0.000   0.000   0.000   0.000  -0.000  -0.000  -0.000  -0.000  -0.000 
  0.750   0.000   0.000   0.000   0.000  -0.000  -0.000  -0.000  -0.000  -0.000  -0.000 
  0.850   0.000   0.000   0.000  -0.000  -0.000  -0.000  -0.000  -0.000  -0.000  -0.000 
  0.950   0.000   0.000  -0.000  -0.000  -0.000  -0.000  -0.000  -0.000  -0.000  -0.000 

