#Bayesian SS estimation module:
#Workdir:  /home/gnagy/Programs/SESCA_dev/examples/5-Bayesian_SS
#Spectrum file:       CD_igg2.dat
#Basis set file:      /home/gnagy/Programs/SESCA_dev/libs/Map_BB_DS-dTSC3.dat
#Parameter file:      Bayes_2D_globular.dat
#Correction file:     SC_calc.out
#Initial sample size: 100
#Monte Carlo steps:   250
#Fraction of discarded samples:     0.050

#Discretized SS dsitribution map:
#  i      SS Class  
#  0  :        Alpha 
#  1  :         Beta 
#  2  :         Coil 
#bin:    0      1      2     P(bin)
       0.050  0.250  0.750  4.050e-01
       0.050  0.250  0.650  3.635e-01
       0.050  0.350  0.650  1.866e-01
       0.050  0.350  0.550  1.411e-02
       0.050  0.450  0.550  7.032e-03
       0.150  0.350  0.550  3.368e-03
       0.050  0.550  0.450  2.821e-03
       0.050  0.450  0.450  2.232e-03
       0.150  0.250  0.550  2.232e-03
       0.150  0.250  0.650  1.642e-03
       0.050  0.650  0.350  1.474e-03
       0.250  0.250  0.550  1.179e-03
       0.250  0.250  0.450  1.053e-03
       0.250  0.350  0.450  9.263e-04
       0.250  0.150  0.550  7.579e-04
       0.050  0.150  0.850  7.579e-04
       0.150  0.450  0.450  6.737e-04
       0.050  0.550  0.350  4.632e-04
       0.350  0.250  0.350  3.789e-04
       0.150  0.550  0.350  3.789e-04
       0.350  0.250  0.450  3.368e-04
       0.350  0.150  0.550  3.368e-04
       0.250  0.350  0.350  2.947e-04
       0.150  0.350  0.450  2.947e-04
       0.250  0.550  0.250  2.526e-04
       0.250  0.050  0.650  2.105e-04
       0.150  0.550  0.250  1.684e-04
       0.550  0.050  0.450  1.684e-04
       0.350  0.150  0.450  1.684e-04
       0.150  0.450  0.350  1.263e-04
       0.250  0.150  0.650  1.263e-04
       0.250  0.550  0.150  8.421e-05
       0.550  0.150  0.250  8.421e-05
       0.350  0.450  0.250  8.421e-05
       0.250  0.450  0.350  8.421e-05
       0.450  0.150  0.450  8.421e-05
       0.450  0.050  0.550  8.421e-05
       0.150  0.150  0.750  8.421e-05
       0.150  0.050  0.850  8.421e-05
       0.050  0.650  0.250  4.211e-05
       0.350  0.350  0.350  4.211e-05
       0.450  0.050  0.450  4.211e-05
       0.350  0.050  0.550  4.211e-05
       0.150  0.150  0.650  4.211e-05
       0.250  0.050  0.750  4.211e-05
       0.050  0.050  0.850  4.211e-05
       0.850  0.050  0.050  0.000e+00
       0.950  0.050  0.050  0.000e+00
       0.750  0.150  0.050  0.000e+00
       0.850  0.150  0.050  0.000e+00
       0.950  0.150  0.050  0.000e+00
       0.650  0.250  0.050  0.000e+00
       0.750  0.250  0.050  0.000e+00
       0.850  0.250  0.050  0.000e+00
       0.450  0.350  0.050  0.000e+00
       0.550  0.350  0.050  0.000e+00
       0.650  0.350  0.050  0.000e+00
       0.750  0.350  0.050  0.000e+00
       0.350  0.450  0.050  0.000e+00
       0.450  0.450  0.050  0.000e+00
       0.550  0.450  0.050  0.000e+00
       0.650  0.450  0.050  0.000e+00
       0.350  0.550  0.050  0.000e+00
       0.450  0.550  0.050  0.000e+00
       0.550  0.550  0.050  0.000e+00
       0.250  0.650  0.050  0.000e+00
       0.350  0.650  0.050  0.000e+00
       0.450  0.650  0.050  0.000e+00
       0.150  0.750  0.050  0.000e+00
       0.250  0.750  0.050  0.000e+00
       0.350  0.750  0.050  0.000e+00
       0.050  0.850  0.050  0.000e+00
       0.150  0.850  0.050  0.000e+00
       0.250  0.850  0.050  0.000e+00
       0.050  0.950  0.050  0.000e+00
       0.150  0.950  0.050  0.000e+00
       0.750  0.050  0.150  0.000e+00
       0.850  0.050  0.150  0.000e+00
       0.950  0.050  0.150  0.000e+00
       0.650  0.150  0.150  0.000e+00
       0.750  0.150  0.150  0.000e+00
       0.850  0.150  0.150  0.000e+00
       0.450  0.250  0.150  0.000e+00
       0.550  0.250  0.150  0.000e+00
       0.650  0.250  0.150  0.000e+00
       0.750  0.250  0.150  0.000e+00
       0.350  0.350  0.150  0.000e+00
       0.450  0.350  0.150  0.000e+00
       0.550  0.350  0.150  0.000e+00
       0.650  0.350  0.150  0.000e+00
       0.250  0.450  0.150  0.000e+00
       0.350  0.450  0.150  0.000e+00
       0.450  0.450  0.150  0.000e+00
       0.550  0.450  0.150  0.000e+00
       0.350  0.550  0.150  0.000e+00
       0.450  0.550  0.150  0.000e+00
       0.150  0.650  0.150  0.000e+00
       0.250  0.650  0.150  0.000e+00
       0.350  0.650  0.150  0.000e+00
       0.050  0.750  0.150  0.000e+00
       0.150  0.750  0.150  0.000e+00
       0.250  0.750  0.150  0.000e+00
       0.050  0.850  0.150  0.000e+00
       0.150  0.850  0.150  0.000e+00
       0.050  0.950  0.150  0.000e+00
       0.650  0.050  0.250  0.000e+00
       0.750  0.050  0.250  0.000e+00
       0.850  0.050  0.250  0.000e+00
       0.650  0.150  0.250  0.000e+00
       0.750  0.150  0.250  0.000e+00
       0.450  0.250  0.250  0.000e+00
       0.550  0.250  0.250  0.000e+00
       0.650  0.250  0.250  0.000e+00
       0.350  0.350  0.250  0.000e+00
       0.450  0.350  0.250  0.000e+00
       0.550  0.350  0.250  0.000e+00
       0.250  0.450  0.250  0.000e+00
       0.450  0.450  0.250  0.000e+00
       0.350  0.550  0.250  0.000e+00
       0.150  0.650  0.250  0.000e+00
       0.250  0.650  0.250  0.000e+00
       0.050  0.750  0.250  0.000e+00
       0.150  0.750  0.250  0.000e+00
       0.050  0.850  0.250  0.000e+00
       0.450  0.050  0.350  0.000e+00
       0.550  0.050  0.350  0.000e+00
       0.650  0.050  0.350  0.000e+00
       0.750  0.050  0.350  0.000e+00
       0.350  0.150  0.350  0.000e+00
       0.450  0.150  0.350  0.000e+00
       0.550  0.150  0.350  0.000e+00
       0.650  0.150  0.350  0.000e+00
       0.250  0.250  0.350  0.000e+00
       0.450  0.250  0.350  0.000e+00
       0.550  0.250  0.350  0.000e+00
       0.150  0.350  0.350  0.000e+00
       0.450  0.350  0.350  0.000e+00
       0.050  0.450  0.350  0.000e+00
       0.350  0.450  0.350  0.000e+00
       0.250  0.550  0.350  0.000e+00
       0.150  0.650  0.350  0.000e+00
       0.050  0.750  0.350  0.000e+00
       0.350  0.050  0.450  0.000e+00
       0.650  0.050  0.450  0.000e+00
       0.250  0.150  0.450  0.000e+00
       0.550  0.150  0.450  0.000e+00
       0.150  0.250  0.450  0.000e+00
       0.450  0.250  0.450  0.000e+00
       0.050  0.350  0.450  0.000e+00
       0.350  0.350  0.450  0.000e+00
       0.250  0.450  0.450  0.000e+00
       0.150  0.550  0.450  0.000e+00
       0.050  0.650  0.450  0.000e+00
       0.550  0.050  0.550  0.000e+00
       0.150  0.150  0.550  0.000e+00
       0.450  0.150  0.550  0.000e+00
       0.350  0.250  0.550  0.000e+00
       0.250  0.350  0.550  0.000e+00
       0.150  0.450  0.550  0.000e+00
       0.050  0.550  0.550  0.000e+00
       0.350  0.050  0.650  0.000e+00
       0.450  0.050  0.650  0.000e+00
       0.350  0.150  0.650  0.000e+00
       0.250  0.250  0.650  0.000e+00
       0.150  0.350  0.650  0.000e+00
       0.050  0.450  0.650  0.000e+00
       0.150  0.050  0.750  0.000e+00
       0.350  0.050  0.750  0.000e+00
       0.050  0.150  0.750  0.000e+00
       0.250  0.150  0.750  0.000e+00
       0.150  0.250  0.750  0.000e+00
       0.050  0.350  0.750  0.000e+00
       0.250  0.050  0.850  0.000e+00
       0.150  0.150  0.850  0.000e+00
       0.050  0.250  0.850  0.000e+00
       0.050  0.050  0.950  0.000e+00
       0.150  0.050  0.950  0.000e+00
       0.050  0.150  0.950  0.000e+00


#Scaling factor distribution:
#  SFj    P(SFj)
 0.200   0.002
 0.400   0.001
 0.600   0.003
 0.800   0.010
 1.000   0.783
 1.200   0.179
 1.400   0.013
 1.600   0.004
 1.800   0.003
 2.000   0.002
 2.200   0.001
 2.400   0.001
 2.600   0.000
 2.800   0.000
 3.000   0.000
 3.200   0.000
 3.400   0.000
 3.600   0.000
 3.800   0.000
 4.000   0.000
 4.200   0.000
 4.400   0.000
 4.600   0.000
 4.800   0.000

#Avg. Scaling factor : 1.1517 +/- 0.1372
#Weighting factors for the most likely SS composition (Avg +/- SD):
#        Alpha  :   0.0298   +/- 0.0673
#         Beta  :   0.2955   +/- 0.0527
#         Coil  :   0.6747   +/- 0.0799

