#Bayesian SS estimation module:
#Workdir:  /home/gnagy/Programs/SESCA_dev/examples/5-Bayesian_SS
#Spectrum file:       CD_igg2.dat
#Basis set file:      /home/gnagy/Programs/SESCA_dev/libs/Map_BB_DS-dTSC3.dat
#Parameter file:      Bayes_1D_example.dat
#Correction file:     SC_calc.out
#Initial sample size: 100
#Monte Carlo steps:   250
#Fraction of discarded samples:     0.050

#Discretized SS dsitribution map:
#  i      SS Class  
#  0  :        Alpha 
#  1  :         Beta 
#  2  :         Coil 
#bin:    0      1      2     P(bin)
       0.050  0.350  0.650  4.038e-01
       0.050  0.450  0.550  3.808e-01
       0.050  0.250  0.750  1.713e-01
       0.050  0.550  0.450  4.067e-02
       0.050  0.150  0.850  9.263e-04
       0.050  0.650  0.350  8.842e-04
       0.050  0.250  0.650  6.737e-04
       0.150  0.250  0.650  4.211e-04
       0.150  0.150  0.750  1.684e-04
       0.150  0.350  0.550  1.684e-04
       0.050  0.050  0.950  1.263e-04
       0.250  0.050  0.650  4.211e-05
       0.350  0.050  0.550  4.211e-05
       0.350  0.050  0.650  4.211e-05
       0.050  0.050  0.750  0.000e+00
       0.050  0.050  0.850  0.000e+00
       0.050  0.150  0.650  0.000e+00
       0.050  0.150  0.750  0.000e+00
       0.050  0.150  0.950  0.000e+00
       0.050  0.250  0.550  0.000e+00
       0.050  0.250  0.850  0.000e+00
       0.050  0.350  0.450  0.000e+00
       0.050  0.350  0.550  0.000e+00
       0.050  0.350  0.750  0.000e+00
       0.050  0.450  0.350  0.000e+00
       0.050  0.450  0.450  0.000e+00
       0.050  0.450  0.650  0.000e+00
       0.050  0.550  0.250  0.000e+00
       0.050  0.550  0.350  0.000e+00
       0.050  0.550  0.550  0.000e+00
       0.050  0.650  0.150  0.000e+00
       0.050  0.650  0.250  0.000e+00
       0.050  0.650  0.450  0.000e+00
       0.050  0.750  0.050  0.000e+00
       0.050  0.750  0.150  0.000e+00
       0.050  0.750  0.250  0.000e+00
       0.050  0.750  0.350  0.000e+00
       0.050  0.850  0.050  0.000e+00
       0.050  0.850  0.150  0.000e+00
       0.050  0.850  0.250  0.000e+00
       0.050  0.950  0.050  0.000e+00
       0.050  0.950  0.150  0.000e+00
       0.150  0.050  0.650  0.000e+00
       0.150  0.050  0.750  0.000e+00
       0.150  0.050  0.850  0.000e+00
       0.150  0.050  0.950  0.000e+00
       0.150  0.150  0.550  0.000e+00
       0.150  0.150  0.650  0.000e+00
       0.150  0.150  0.850  0.000e+00
       0.150  0.250  0.450  0.000e+00
       0.150  0.250  0.550  0.000e+00
       0.150  0.250  0.750  0.000e+00
       0.150  0.350  0.350  0.000e+00
       0.150  0.350  0.450  0.000e+00
       0.150  0.350  0.650  0.000e+00
       0.150  0.450  0.250  0.000e+00
       0.150  0.450  0.350  0.000e+00
       0.150  0.450  0.450  0.000e+00
       0.150  0.450  0.550  0.000e+00
       0.150  0.550  0.150  0.000e+00
       0.150  0.550  0.250  0.000e+00
       0.150  0.550  0.350  0.000e+00
       0.150  0.550  0.450  0.000e+00
       0.150  0.650  0.050  0.000e+00
       0.150  0.650  0.150  0.000e+00
       0.150  0.650  0.250  0.000e+00
       0.150  0.650  0.350  0.000e+00
       0.150  0.750  0.050  0.000e+00
       0.150  0.750  0.150  0.000e+00
       0.150  0.750  0.250  0.000e+00
       0.150  0.850  0.050  0.000e+00
       0.150  0.850  0.150  0.000e+00
       0.150  0.950  0.050  0.000e+00
       0.250  0.050  0.550  0.000e+00
       0.250  0.050  0.750  0.000e+00
       0.250  0.050  0.850  0.000e+00
       0.250  0.150  0.450  0.000e+00
       0.250  0.150  0.550  0.000e+00
       0.250  0.150  0.650  0.000e+00
       0.250  0.150  0.750  0.000e+00
       0.250  0.250  0.350  0.000e+00
       0.250  0.250  0.450  0.000e+00
       0.250  0.250  0.550  0.000e+00
       0.250  0.250  0.650  0.000e+00
       0.250  0.350  0.250  0.000e+00
       0.250  0.350  0.350  0.000e+00
       0.250  0.350  0.450  0.000e+00
       0.250  0.350  0.550  0.000e+00
       0.250  0.450  0.150  0.000e+00
       0.250  0.450  0.250  0.000e+00
       0.250  0.450  0.350  0.000e+00
       0.250  0.450  0.450  0.000e+00
       0.250  0.550  0.050  0.000e+00
       0.250  0.550  0.150  0.000e+00
       0.250  0.550  0.250  0.000e+00
       0.250  0.550  0.350  0.000e+00
       0.250  0.650  0.050  0.000e+00
       0.250  0.650  0.150  0.000e+00
       0.250  0.650  0.250  0.000e+00
       0.250  0.750  0.050  0.000e+00
       0.250  0.850  0.050  0.000e+00
       0.350  0.050  0.450  0.000e+00
       0.350  0.050  0.750  0.000e+00
       0.350  0.150  0.350  0.000e+00
       0.350  0.150  0.450  0.000e+00
       0.350  0.150  0.550  0.000e+00
       0.350  0.150  0.650  0.000e+00
       0.350  0.250  0.250  0.000e+00
       0.350  0.250  0.350  0.000e+00
       0.350  0.250  0.450  0.000e+00
       0.350  0.250  0.550  0.000e+00
       0.350  0.350  0.150  0.000e+00
       0.350  0.350  0.250  0.000e+00
       0.350  0.350  0.350  0.000e+00
       0.350  0.350  0.450  0.000e+00
       0.350  0.450  0.050  0.000e+00
       0.350  0.450  0.150  0.000e+00
       0.350  0.450  0.250  0.000e+00
       0.350  0.450  0.350  0.000e+00
       0.350  0.550  0.050  0.000e+00
       0.350  0.550  0.150  0.000e+00
       0.350  0.550  0.250  0.000e+00
       0.350  0.650  0.050  0.000e+00
       0.350  0.750  0.050  0.000e+00
       0.450  0.050  0.350  0.000e+00
       0.450  0.050  0.450  0.000e+00
       0.450  0.050  0.550  0.000e+00
       0.450  0.050  0.650  0.000e+00
       0.450  0.150  0.250  0.000e+00
       0.450  0.150  0.350  0.000e+00
       0.450  0.150  0.450  0.000e+00
       0.450  0.150  0.550  0.000e+00
       0.450  0.250  0.150  0.000e+00
       0.450  0.250  0.250  0.000e+00
       0.450  0.250  0.350  0.000e+00
       0.450  0.250  0.450  0.000e+00
       0.450  0.350  0.050  0.000e+00
       0.450  0.350  0.150  0.000e+00
       0.450  0.350  0.250  0.000e+00
       0.450  0.350  0.350  0.000e+00
       0.450  0.450  0.050  0.000e+00
       0.450  0.450  0.150  0.000e+00
       0.450  0.450  0.250  0.000e+00
       0.450  0.550  0.050  0.000e+00
       0.450  0.550  0.150  0.000e+00
       0.450  0.650  0.050  0.000e+00
       0.550  0.050  0.250  0.000e+00
       0.550  0.050  0.350  0.000e+00
       0.550  0.050  0.450  0.000e+00
       0.550  0.050  0.550  0.000e+00
       0.550  0.150  0.150  0.000e+00
       0.550  0.150  0.250  0.000e+00
       0.550  0.150  0.350  0.000e+00
       0.550  0.150  0.450  0.000e+00
       0.550  0.250  0.050  0.000e+00
       0.550  0.250  0.150  0.000e+00
       0.550  0.250  0.250  0.000e+00
       0.550  0.250  0.350  0.000e+00
       0.550  0.350  0.050  0.000e+00
       0.550  0.350  0.150  0.000e+00
       0.550  0.350  0.250  0.000e+00
       0.550  0.450  0.050  0.000e+00
       0.550  0.450  0.150  0.000e+00
       0.550  0.550  0.050  0.000e+00
       0.650  0.050  0.150  0.000e+00
       0.650  0.050  0.250  0.000e+00
       0.650  0.050  0.350  0.000e+00
       0.650  0.050  0.450  0.000e+00
       0.650  0.150  0.050  0.000e+00
       0.650  0.150  0.150  0.000e+00
       0.650  0.150  0.250  0.000e+00
       0.650  0.150  0.350  0.000e+00
       0.650  0.250  0.050  0.000e+00
       0.650  0.250  0.150  0.000e+00
       0.650  0.250  0.250  0.000e+00
       0.650  0.350  0.050  0.000e+00
       0.650  0.450  0.050  0.000e+00
       0.750  0.050  0.050  0.000e+00
       0.750  0.050  0.150  0.000e+00
       0.750  0.050  0.250  0.000e+00
       0.750  0.050  0.350  0.000e+00
       0.750  0.150  0.050  0.000e+00
       0.750  0.150  0.150  0.000e+00
       0.750  0.150  0.250  0.000e+00
       0.750  0.250  0.050  0.000e+00
       0.750  0.350  0.050  0.000e+00
       0.850  0.050  0.050  0.000e+00
       0.850  0.050  0.150  0.000e+00
       0.850  0.050  0.250  0.000e+00
       0.850  0.150  0.050  0.000e+00
       0.850  0.150  0.150  0.000e+00
       0.850  0.250  0.050  0.000e+00
       0.950  0.050  0.050  0.000e+00
       0.950  0.050  0.150  0.000e+00
       0.950  0.150  0.050  0.000e+00


#Scaling factor distribution:
#  SFj    P(SFj)
 0.200   0.000
 0.400   0.000
 0.600   0.001
 0.800   0.020
 1.000   0.156
 1.200   0.254
 1.400   0.218
 1.600   0.249
 1.800   0.091
 2.000   0.009
 2.200   0.000
 2.400   0.001
 2.600   0.000
 2.800   0.000
 3.000   0.000
 3.200   0.000
 3.400   0.000
 3.600   0.000
 3.800   0.000
 4.000   0.000
 4.200   0.000
 4.400   0.000
 4.600   0.000
 4.800   0.000

#Avg. Scaling factor : 1.4684 +/- 0.2608
#Weighting factors for the most likely SS composition (Avg +/- SD):
#        Alpha  :   0.0056   +/- 0.0425
#         Beta  :   0.3769   +/- 0.0845
#         Coil  :   0.6175   +/- 0.0843

