/home/gnagy/Programs/SESCA_dev/examples/5-Bayesian_SS
number of arguments: 4
flags found:
traj
protlib

Files to process:
1igt.pdb
Source is:  
Source Directory found:
/home/gnagy/Programs/SESCA_dev/examples/5-Bayesian_SS

Valid Files found:
1igt

destination directory found:
/home/gnagy/Programs/SESCA_dev/examples/5-Bayesian_SS

************************************************

DISICL_prep module started, using command flags:
/home/gnagy/Programs/SESCA_dev/DISICL/DISICL_prep.py
@type 1
@traj 
1igt.pdb
 >> /home/gnagy/Programs/SESCA_dev/examples/5-Bayesian_SS/DISICL_1igt.log


DISICL_prep finished!
 

************************************************

DISICL_dihed module started, using command flags:
/home/gnagy/Programs/SESCA_dev/DISICL/DISICL_dihed.py
1igt_DISICL.pdb
@traj 
 >> DISICL_1igt.log

Running DISICL_dihed program for proteins
                              done


************************************************

DISICL_dbssp module started, using command flags:
/home/gnagy/Programs/SESCA_dev/DISICL/DISICL_dbssp.py
1igt_prot.dih (for proteins)
 >> DISICL_1igt.log

Running DISICL_dbssp program (protein - detailed)... 
                              done


************************************************

number of files: 1
number of models: 1
number of valid residues: 1316
number of classified segments:1304
program runtime: 71.52  seconds (0.02 h)
DISICL program finished successfully! Results in /home/gnagy/Programs/SESCA_dev/examples/5-Bayesian_SS
