178 -12.2026
179 -11.543
180 -10.8834
181 -10.28976
182 -9.7291
183 -9.16844
184 -8.5748
185 -7.94818
186 -7.2556
187 -6.49706
188 -5.7715
189 -5.07892
190 -4.2874
191 -3.33098
192 -2.3086
193 -1.28622
194 -0.3298
195 0.52768
196 1.3192
197 2.1437
198 2.9682
199 3.72674
200 4.2874
201 4.55124
202 4.6172
203 4.55124
204 4.2874
205 3.69376
206 2.9682
207 2.3086
208 1.649
209 0.9894
210 0.3298
211 -0.19788
212 -0.6596
213 -1.08834
214 -1.4841
215 -1.78092
216 -1.9788
217 -2.04476
218 -1.9788
219 -1.84688
220 -1.649
221 -1.3192
222 -0.9894
223 -0.69258
224 -0.3298
225 0.1649
226 0.6596
227 1.05536
228 1.3192
229 1.38516
230 1.3192
231 1.18728
232 0.9894
233 0.69258
234 0.3298
235 0
236 -0.3298
237 -0.56066
238 -0.6596
239 -0.6596
240 -0.6596
241 -0.69258
242 -0.6596
243 -0.52768
244 -0.3298
245 -0.13192
246 0
247 0.03298
248 0
249 0
250 0
251 0
252 0
253 0
254 0
255 0
256 0
257 0
258 0
259 0
260 0

