178 2.73734
179 4.41932
180 6.03534
181 6.9258
182 7.32156
183 7.68434
184 8.04712
185 8.4099
186 8.80566
187 9.2344
188 9.7291
189 10.35572
190 11.08128
191 11.83982
192 12.66432
193 13.62074
194 14.41226
195 14.77504
196 14.41226
197 13.15902
198 11.11426
199 8.54182
200 5.67256
201 2.77032
202 0.06596
203 -2.3086
204 -4.4523
205 -6.39812
206 -7.9152
207 -8.77268
208 -9.20142
209 -9.43228
210 -9.59718
211 -9.69612
212 -9.82804
213 -10.02592
214 -10.32274
215 -10.65254
216 -11.0483
217 -11.44406
218 -11.77386
219 -12.0377
220 -12.2026
221 -12.30154
222 -12.30154
223 -12.10366
224 -11.77386
225 -11.31214
226 -10.75148
227 -10.0589
228 -9.2344
229 -8.245
230 -7.15666
231 -6.06832
232 -5.07892
233 -4.22144
234 -3.42992
235 -2.70436
236 -2.11072
237 -1.649
238 -1.3192
239 -1.02238
240 -0.75854
241 -0.56066
242 -0.36278
243 -0.19788
244 -0.06596
245 0
246 0
247 0
248 0
249 0
250 0
251 0
252 0
253 0
254 0
255 0
256 0
257 0
258 0
259 0
260 0

