178 -9.33334
179 -8.67374
180 -7.98116
181 -7.22262
182 -6.39812
183 -5.50766
184 -4.48528
185 -3.36396
186 -2.17668
187 -1.02238
188 0.26384
189 1.8139
190 3.49588
191 5.21084
192 6.95878
193 8.7397
194 10.25678
195 11.31214
196 11.8728
197 12.00472
198 11.60896
199 10.75148
200 9.43228
201 8.14606
202 6.89282
203 5.67256
204 4.58422
205 3.66078
206 2.77032
207 1.84688
208 0.92344
209 0.09894
210 -0.6596
211 -1.35218
212 -2.01178
213 -2.6384
214 -3.23204
215 -3.75972
216 -4.22144
217 -4.65018
218 -5.01296
219 -5.34276
220 -5.63958
221 -5.96938
222 -6.23322
223 -6.39812
224 -6.4311
225 -6.36514
226 -6.16726
227 -5.83746
228 -5.2768
229 -4.38634
230 -3.52886
231 -3.00118
232 -2.70436
233 -2.37456
234 -2.04476
235 -1.74794
236 -1.45112
237 -1.18728
238 -0.9894
239 -0.8245
240 -0.6596
241 -0.52768
242 -0.39576
243 -0.3298
244 -0.26384
245 -0.19788
246 -0.13192
247 -0.06596
248 0
249 0
250 0
251 0
252 0
253 0
254 0
255 0
256 0
257 0
258 0
259 0
260 0

