178 9.30036
179 10.19082
180 11.2132
181 12.30154
182 13.5218
183 14.90696
184 16.49
185 18.40284
186 20.90932
187 24.2403
188 28.09896
189 32.1555
190 36.278
191 40.4005
192 44.09426
193 46.89756
194 48.4806
195 48.4806
196 46.76564
197 43.10486
198 37.30038
199 29.3522
200 20.71144
201 12.6973
202 5.21084
203 -2.07774
204 -8.5748
205 -13.58776
206 -17.34748
207 -20.15078
208 -21.99766
209 -22.82216
210 -22.98706
211 -22.85514
212 -22.69024
213 -22.62428
214 -22.72322
215 -23.02004
216 -23.44878
217 -23.9105
218 -24.30626
219 -24.63606
220 -24.86692
221 -25.0648
222 -25.0648
223 -24.76798
224 -24.20732
225 -23.38282
226 -22.36044
227 -21.14018
228 -19.72204
229 -18.17198
230 -16.49
231 -14.64312
232 -12.79624
233 -11.01532
234 -9.33334
235 -7.71732
236 -6.23322
237 -4.97998
238 -3.92462
239 -3.03416
240 -2.3086
241 -1.71496
242 -1.25324
243 -0.85748
244 -0.56066
245 -0.3298
246 -0.1649
247 -0.06596
248 0
249 0
250 0
251 0
252 0
253 0
254 0
255 0
256 0
257 0
258 0
259 0
260 0

