178 -0.59364
179 0.42874
180 1.61602
181 2.93522
182 4.38634
183 5.96938
184 7.65136
185 9.30036
186 10.94936
187 12.56538
188 14.04948
189 15.3357
190 16.29212
191 16.88576
192 17.1496
193 17.05066
194 16.42404
195 15.07186
196 12.92816
197 10.09188
198 6.69494
199 3.00118
200 -0.72556
201 -4.25442
202 -7.38752
203 -9.99294
204 -11.97174
205 -13.32392
206 -14.1814
207 -14.6761
208 -14.70908
209 -14.21438
210 -13.48882
211 -12.89518
212 -12.43346
213 -12.07068
214 -11.77386
215 -11.57598
216 -11.44406
217 -11.34512
218 -11.2132
219 -11.08128
220 -10.91638
221 -10.7185
222 -10.52062
223 -10.28976
224 -10.02592
225 -9.7291
226 -9.43228
227 -9.10248
228 -8.7397
229 -8.31096
230 -7.81626
231 -7.28858
232 -6.62898
233 -5.87044
234 -5.04594
235 -4.2874
236 -3.56184
237 -2.86926
238 -2.24264
239 -1.8139
240 -1.4841
241 -1.22026
242 -0.9894
243 -0.79152
244 -0.6596
245 -0.56066
246 -0.46172
247 -0.39576
248 -0.36278
249 -0.29682
250 -0.23086
251 -0.1649
252 -0.13192
253 -0.06596
254 -0.03298
255 0
256 0
257 0
258 0
259 0
260 0

