178 16.09424
179 18.3039
180 20.6125
181 23.11898
182 26.0542
183 29.58306
184 33.50768
185 37.5972
186 41.7197
187 45.87518
188 50.03066
189 54.12018
190 57.58308
191 59.82572
192 60.65022
193 59.99062
194 58.07778
195 54.94468
196 50.16258
197 43.30274
198 34.9588
199 25.85632
200 16.58894
201 7.65136
202 -0.29682
203 -6.72792
204 -12.10366
205 -16.85278
206 -20.64548
207 -23.15196
208 -24.50414
209 -25.03182
210 -24.96586
211 -24.60308
212 -24.2403
213 -24.10838
214 -24.2403
215 -24.5701
216 -24.99884
217 -25.3946
218 -25.82334
219 -26.31804
220 -26.81274
221 -27.2085
222 -27.3734
223 -27.24148
224 -26.81274
225 -26.08718
226 -25.13076
227 -23.9105
228 -22.39342
229 -20.54654
230 -18.43582
231 -16.22616
232 -14.08246
233 -12.07068
234 -10.19082
235 -8.44288
236 -6.85984
237 -5.47468
238 -4.2874
239 -3.33098
240 -2.53946
241 -1.87986
242 -1.38516
243 -1.02238
244 -0.72556
245 -0.4947
246 -0.29682
247 -0.13192
248 -0.03298
249 -0.03298
250 -0.03298
251 -0.03298
252 0
253 0
254 0
255 0
256 0
257 0
258 0
259 0
260 0

