178 4.71614
179 5.83746
180 6.99176
181 8.14606
182 9.30036
183 10.45466
184 11.57598
185 12.59836
186 13.38988
187 13.8516
188 13.91756
189 13.45584
190 12.30154
191 10.35572
192 7.81626
193 4.91402
194 1.9788
195 -0.62662
196 -2.8033
197 -4.48528
198 -5.6066
199 -6.20024
200 -6.39812
201 -6.46408
202 -6.56302
203 -6.89282
204 -7.51944
205 -8.4099
206 -9.36632
207 -10.09188
208 -10.45466
209 -10.48764
210 -10.28976
211 -10.02592
212 -9.7291
213 -9.46526
214 -9.30036
215 -9.2344
216 -9.26738
217 -9.33334
218 -9.3993
219 -9.49824
220 -9.5642
221 -9.59718
222 -9.63016
223 -9.59718
224 -9.49824
225 -9.2344
226 -8.87162
227 -8.37692
228 -7.78328
229 -7.0907
230 -6.29918
231 -5.50766
232 -4.74912
233 -4.05654
234 -3.4629
235 -2.9682
236 -2.50648
237 -2.11072
238 -1.74794
239 -1.45112
240 -1.18728
241 -0.95642
242 -0.72556
243 -0.52768
244 -0.39576
245 -0.29682
246 -0.19788
247 -0.13192
248 -0.09894
249 -0.06596
250 -0.03298
251 0
252 0
253 0
254 0
255 0
256 0
257 0
258 0
259 0
260 0

