178 0.19788
179 1.35218
180 2.3086
181 3.03416
182 3.59482
183 4.05654
184 4.41932
185 4.65018
186 4.81508
187 5.01296
188 5.34276
189 5.87044
190 6.49706
191 7.05772
192 7.4205
193 7.55242
194 7.4205
195 6.95878
196 6.03534
197 4.58422
198 2.8033
199 0.89046
200 -1.12132
201 -3.16608
202 -5.07892
203 -6.72792
204 -8.0801
205 -9.20142
206 -10.12486
207 -10.81744
208 -11.24618
209 -11.3781
210 -11.34512
211 -11.2132
212 -11.08128
213 -10.94936
214 -10.85042
215 -10.75148
216 -10.58658
217 -10.35572
218 -10.09188
219 -9.76208
220 -9.33334
221 -8.83864
222 -8.27798
223 -7.65136
224 -6.99176
225 -6.2662
226 -5.50766
227 -4.7821
228 -4.05654
229 -3.36396
230 -2.70436
231 -2.11072
232 -1.61602
233 -1.1543
234 -0.75854
235 -0.39576
236 -0.09894
237 0.09894
238 0.19788
239 0.23086
240 0.26384
241 0.26384
242 0.26384
243 0.26384
244 0.23086
245 0.19788
246 0.19788
247 0.19788
248 0.1649
249 0.13192
250 0.13192
251 0.13192
252 0.09894
253 0.06596
254 0.06596
255 0.06596
256 0.03298
257 0
258 0
259 0
260 0

