178 -9.79506
179 -8.80566
180 -7.71732
181 -6.53004
182 -5.21084
183 -3.75972
184 -2.20966
185 -0.62662
186 0.8245
187 2.04476
188 3.00118
189 3.52886
190 3.56184
191 3.16608
192 2.53946
193 1.91284
194 1.38516
195 0.89046
196 0.3298
197 -0.3298
198 -1.22026
199 -2.27562
200 -3.4629
201 -4.68316
202 -5.90342
203 -7.02474
204 -7.94818
205 -8.67374
206 -9.20142
207 -9.53122
208 -9.7291
209 -9.76208
210 -9.69612
211 -9.46526
212 -9.16844
213 -8.77268
214 -8.31096
215 -7.78328
216 -7.22262
217 -6.66196
218 -6.06832
219 -5.47468
220 -4.947
221 -4.41932
222 -3.99058
223 -3.59482
224 -3.23204
225 -2.93522
226 -2.67138
227 -2.40754
228 -2.20966
229 -2.01178
230 -1.84688
231 -1.68198
232 -1.55006
233 -1.38516
234 -1.22026
235 -1.05536
236 -0.92344
237 -0.75854
238 -0.62662
239 -0.4947
240 -0.39576
241 -0.29682
242 -0.23086
243 -0.1649
244 -0.09894
245 -0.06596
246 -0.03298
247 -0.03298
248 0
249 0
250 0.03298
251 0.06596
252 0.06596
253 0.09894
254 0.13192
255 0.13192
256 0.13192
257 0.13192
258 0.09894
259 0.06596
260 0

