#Reformatted DSSP classification:
#DSSP program: /usr/local/bin/dssp
#Structure File: 1rbx.pdb
#Raw DSSP output: frame_1.dssp

#Residue encoding (124 total residues):
#      numbers        Chain       residues
#      1   -    124 :  A        1   -    124

#3-Helix
      1       56
      1       57
      1       58
      1       59
&
#4-Helix
      1        4
      1        5
      1        6
      1        7
      1        8
      1        9
      1       10
      1       11
      1       12
      1       25
      1       26
      1       27
      1       28
      1       29
      1       30
      1       31
      1       32
      1       51
      1       52
      1       53
      1       54
      1       55
&
#5-Helix
&
#Bend
      1       18
      1       19
      1       22
      1       37
      1       38
      1       39
      1       42
      1       49
      1       60
      1       68
      1       70
      1       76
      1       77
&
#Beta-Bridge
      1       13
      1       91
      1       94
&
#Beta-strand
      1       43
      1       44
      1       45
      1       46
      1       47
      1       61
      1       62
      1       63
      1       72
      1       73
      1       74
      1       79
      1       80
      1       81
      1       82
      1       83
      1       84
      1       85
      1       86
      1       97
      1       98
      1       99
      1      100
      1      101
      1      102
      1      103
      1      104
      1      106
      1      107
      1      108
      1      109
      1      110
      1      111
      1      116
      1      117
      1      118
      1      119
      1      120
      1      121
      1      122
      1      123
&
#Turn
      1       15
      1       16
      1       23
      1       24
      1       33
      1       34
      1       35
      1       36
      1       66
      1       67
      1       88
      1       89
      1       92
      1       93
      1      112
      1      113
      1      114
      1      115
&
#Unclassified
      1        1
      1        2
      1        3
      1       14
      1       17
      1       20
      1       21
      1       40
      1       41
      1       48
      1       50
      1       64
      1       65
      1       69
      1       71
      1       75
      1       78
      1       87
      1       90
      1       95
      1       96
      1      105
      1      124
&
#Secondary structure distribution by DSSP (%):
# 3-Helix: 3.2
# 4-Helix: 17.7
# 5-Helix: 0.0
# Bend: 10.5
# Beta-Bridge: 2.4
# Beta-strand: 33.1
# Turn: 14.5
# Unclassified: 18.5
