/home/gnagy/Programs/SESCA_dev/examples/4-Error_analysis
number of arguments: 4
flags found:
traj
protlib

Files to process:
1scd.pdb
Source Directory found:
/home/gnagy/Programs/SESCA_dev/examples/4-Error_analysis

Valid Files found:
1scd

destination directory found:
/home/gnagy/Programs/SESCA_dev/examples/4-Error_analysis

************************************************

DISICL_prep module started, using command flags:
/home/gnagy/Programs/SESCA_dev/DISICL/DISICL_prep.py
@type 1
@traj 
1scd.pdb
 >> /home/gnagy/Programs/SESCA_dev/examples/4-Error_analysis/DISICL_1scd.log


DISICL_prep finished!
 

************************************************

DISICL_dihed module started, using command flags:
/home/gnagy/Programs/SESCA_dev/DISICL/DISICL_dihed.py
1scd_DISICL.pdb
@traj 
 >> DISICL_1scd.log

Running DISICL_dihed program for proteins
                              done


************************************************

DISICL_dbssp module started, using command flags:
/home/gnagy/Programs/SESCA_dev/DISICL/DISICL_dbssp.py
1scd_prot.dih (for proteins)
 >> DISICL_1scd.log

Running DISICL_dbssp program (protein - detailed)... 
                              done


************************************************

number of files: 1
number of models: 1
number of valid residues: 274
number of classified segments:268
program runtime: 3.03  seconds (0.00 h)
DISICL program finished successfully! Results in /home/gnagy/Programs/SESCA_dev/examples/4-Error_analysis
