# DISICL calssification of the biopolymer conformational states
# based on dihedral angle file: 193l_prot.dih
# and library file: /home/os/Downloads/SESCA_v097/DISICL/libs/DISICL_prot_det.lib
#
#DISICL  time0  timestep  frames  segment0   reslist
#DISICL   0.0     1.0       1       126      [2-128]
#
#3/10-helix (3H) residues
#       time	residue
          0.0	  55
          0.0	  60
          0.0	  61
          0.0	  80
          0.0	  81
          0.0	 106
          0.0	 113
          0.0	 120
          0.0	 121
          0.0	 122
          0.0	 123
&
#Alpha-helix (ALH) residues
#       time	residue
          0.0	   5
          0.0	   6
          0.0	   7
          0.0	   8
          0.0	   9
          0.0	  10
          0.0	  11
          0.0	  12
          0.0	  13
          0.0	  25
          0.0	  26
          0.0	  27
          0.0	  28
          0.0	  29
          0.0	  30
          0.0	  31
          0.0	  32
          0.0	  33
          0.0	  34
          0.0	  89
          0.0	  90
          0.0	  91
          0.0	  92
          0.0	  93
          0.0	  94
          0.0	  95
          0.0	  96
          0.0	  97
          0.0	  98
          0.0	 109
          0.0	 110
          0.0	 111
          0.0	 112
&
#Pi-helix (PIH) residues
#       time	residue
&
#Ext.beta-strand (EBS) residues
#       time	residue
          0.0	  43
&
#Normal beta-strand (NBS) residues
#       time	residue
          0.0	  51
          0.0	  52
          0.0	  64
&
#PP-helical (PP) residues
#       time	residue
          0.0	   3
          0.0	  58
&
#Turn type 1 (TI) residues
#       time	residue
          0.0	  14
          0.0	  35
          0.0	  40
          0.0	  47
          0.0	  62
          0.0	  75
          0.0	  82
          0.0	  83
          0.0	  99
          0.0	 100
          0.0	 105
&
#Turn type 2 (TII) residues
#       time	residue
          0.0	  18
          0.0	  20
          0.0	  70
          0.0	 116
          0.0	 125
&
#Turn type 8 (TVIII) residues
#       time	residue
          0.0	  68
          0.0	  86
          0.0	 107
&
#Gamma-turn (GXT) residues
#       time	residue
          0.0	 119
&
#Schellman-turn (SCH) residues
#       time	residue
          0.0	  15
          0.0	  19
          0.0	  36
          0.0	  48
          0.0	  49
          0.0	  56
          0.0	  57
          0.0	  66
          0.0	  76
          0.0	  77
          0.0	 126
&
#Hairpin 2:2 (HP) residues
#       time	residue
          0.0	  22
          0.0	  38
          0.0	  53
&
#Turn-cap (TC) residues
#       time	residue
          0.0	  16
          0.0	  39
          0.0	  74
          0.0	  88
&
#Helix-cap (HC) residues
#       time	residue
          0.0	   4
          0.0	  24
          0.0	  59
          0.0	  79
          0.0	  85
          0.0	 108
          0.0	 114
&
#Beta-cap (BC) residues
#       time	residue
          0.0	   2
          0.0	  23
          0.0	  42
          0.0	  44
          0.0	  50
          0.0	  78
          0.0	 127
&
#Beta-bulge (BU) residues
#       time	residue
          0.0	  63
&
#Left turn 2 (LTII) residues
#       time	residue
          0.0	  54
          0.0	 104
&
#Left-handed helix (LHH) residues
#       time	residue
          0.0	  21
          0.0	  37
&
#unclassified (UC) residues
#       time	residue
          0.0	  17
          0.0	  41
          0.0	  45
          0.0	  46
          0.0	  65
          0.0	  67
          0.0	  69
          0.0	  71
          0.0	  72
          0.0	  73
          0.0	  84
          0.0	  87
          0.0	 101
          0.0	 102
          0.0	 103
          0.0	 115
          0.0	 117
          0.0	 118
          0.0	 124
&
#Secondary structure distribution of requested segments (%):
# 3H:  8.7 
# ALH:  26.2 
# PIH:  0.0 
# EBS:  0.8 
# NBS:  2.4 
# PP:  1.6 
# TI:  8.7 
# TII:  4.0 
# TVIII:  2.4 
# GXT:  0.8 
# SCH:  8.7 
# HP:  2.4 
# TC:  3.2 
# HC:  5.6 
# BC:  5.6 
# BU:  0.8 
# LTII:  1.6 
# LHH:  1.6 
# UC:  15.1 
