/home/os/Downloads/SESCA_v097/examples/0-Basics
number of arguments: 4
flags found:
traj
protlib

Files to process:
193l.pdb
Source is:  
Source Directory found:
/home/os/Downloads/SESCA_v097/examples/0-Basics

Valid Files found:
193l

destination directory found:
/home/os/Downloads/SESCA_v097/examples/0-Basics

************************************************

DISICL_prep module started, using command flags:
/home/os/Downloads/SESCA_v097/DISICL/DISICL_prep.py
@type 1
@traj 
193l.pdb
 >> /home/os/Downloads/SESCA_v097/examples/0-Basics/DISICL_193l.log


DISICL_prep finished!
 

************************************************

DISICL_dihed module started, using command flags:
/home/os/Downloads/SESCA_v097/DISICL/DISICL_dihed.py
193l_DISICL.pdb
@traj 
 >> DISICL_193l.log

Running DISICL_dihed program for proteins
                              done


************************************************

DISICL_dbssp module started, using command flags:
/home/os/Downloads/SESCA_v097/DISICL/DISICL_dbssp.py
193l_prot.dih (for proteins)
 >> DISICL_193l.log

Running DISICL_dbssp program (protein - detailed)... 
                              done


************************************************

number of files: 1
number of models: 1
number of valid residues: 129
number of classified segments:126
program runtime: 0.28  seconds (0.00 h)
DISICL program finished successfully! Results in /home/os/Downloads/SESCA_v097/examples/0-Basics
