#SS heatmap generated by SESCA_bayes:
#Workdir:  /home/osvaldo/spc_shiny_servers/circularDichroismApp/appFiles/ChiraKit/SESCA_v097/examples/6-SESCA_modules
#Spectrum file:        ../5-Bayesian_SS/CD_igg2.dat
#Basis set file:       /home/osvaldo/spc_shiny_servers/circularDichroismApp/appFiles/ChiraKit/SESCA_v097/libs/Map_BB_DS-dTSC3.dat
#Parameter file:       /home/osvaldo/spc_shiny_servers/circularDichroismApp/appFiles/ChiraKit/SESCA_v097/libs/Bayes_2D-SC.dat
#Correction file:      ../5-Bayesian_SS/SC_calc.out
#Initial sample size: 100
#Monte Carlo steps:     250
#Fraction of discarded samples:   0.050

#Projection along SS classes:
#     Alpha fraction (vertical)
#      Beta fraction (horizontal)
#Bin probabilities are expressed in percents
#| Hist   0.025   0.075   0.125   0.175   0.225   0.275   0.325   0.375   0.425   0.475   0.525   0.575   0.625   0.675   0.725   0.775   0.825   0.875   0.925   0.975 
  0.025   0.000   0.000   0.000   0.008   2.644  32.303  47.474   3.722   0.408   0.084   0.055   0.000   0.000   0.000   0.000   0.000   0.000   0.000   0.000   0.000 
  0.075   0.000   0.000   0.000   0.000   0.109   3.208   5.301   2.712   0.758   0.063   0.017   0.000   0.000   0.000   0.000   0.000   0.000   0.000   0.000   0.000 
  0.125   0.000   0.000   0.004   0.004   0.017   0.013   0.034   0.046   0.017   0.017   0.021   0.000   0.000   0.000   0.000   0.000   0.000   0.000   0.000  -0.000 
  0.175   0.000   0.000   0.000   0.000   0.038   0.067   0.160   0.067   0.038   0.051   0.029   0.000   0.000   0.000   0.000   0.000   0.000   0.000  -0.000  -0.000 
  0.225   0.000   0.000   0.017   0.000   0.021   0.004   0.029   0.059   0.034   0.004   0.017   0.000   0.000   0.000   0.000   0.000   0.000  -0.000  -0.000  -0.000 
  0.275   0.000   0.008   0.000   0.004   0.013   0.055   0.059   0.067   0.013   0.000   0.000   0.000   0.000   0.000   0.000   0.000  -0.000  -0.000  -0.000  -0.000 
  0.325   0.000   0.000   0.000   0.000   0.000   0.017   0.029   0.029   0.013   0.013   0.000   0.000   0.000   0.000   0.000  -0.000  -0.000  -0.000  -0.000  -0.000 
  0.375   0.000   0.000   0.000   0.000   0.000   0.000   0.000   0.000   0.000   0.000   0.000   0.000   0.000   0.000  -0.000  -0.000  -0.000  -0.000  -0.000  -0.000 
  0.425   0.000   0.000   0.000   0.000   0.000   0.004   0.000   0.000   0.000   0.000   0.000   0.000   0.000  -0.000  -0.000  -0.000  -0.000  -0.000  -0.000  -0.000 
  0.475   0.000   0.000   0.000   0.000   0.000   0.000   0.000   0.000   0.000   0.000   0.000   0.000  -0.000  -0.000  -0.000  -0.000  -0.000  -0.000  -0.000  -0.000 
  0.525   0.000   0.000   0.000   0.000   0.000   0.000   0.000   0.000   0.000   0.000   0.000  -0.000  -0.000  -0.000  -0.000  -0.000  -0.000  -0.000  -0.000  -0.000 
  0.575   0.000   0.000   0.000   0.000   0.000   0.000   0.000   0.000   0.000   0.000  -0.000  -0.000  -0.000  -0.000  -0.000  -0.000  -0.000  -0.000  -0.000  -0.000 
  0.625   0.000   0.000   0.000   0.000   0.000   0.000   0.000   0.000   0.000  -0.000  -0.000  -0.000  -0.000  -0.000  -0.000  -0.000  -0.000  -0.000  -0.000  -0.000 
  0.675   0.000   0.000   0.000   0.000   0.000   0.000   0.000   0.000  -0.000  -0.000  -0.000  -0.000  -0.000  -0.000  -0.000  -0.000  -0.000  -0.000  -0.000  -0.000 
  0.725   0.000   0.000   0.000   0.000   0.000   0.000   0.000  -0.000  -0.000  -0.000  -0.000  -0.000  -0.000  -0.000  -0.000  -0.000  -0.000  -0.000  -0.000  -0.000 
  0.775   0.000   0.000   0.000   0.000   0.000   0.000  -0.000  -0.000  -0.000  -0.000  -0.000  -0.000  -0.000  -0.000  -0.000  -0.000  -0.000  -0.000  -0.000  -0.000 
  0.825   0.000   0.000   0.000   0.000   0.000  -0.000  -0.000  -0.000  -0.000  -0.000  -0.000  -0.000  -0.000  -0.000  -0.000  -0.000  -0.000  -0.000  -0.000  -0.000 
  0.875   0.000   0.000   0.000   0.000  -0.000  -0.000  -0.000  -0.000  -0.000  -0.000  -0.000  -0.000  -0.000  -0.000  -0.000  -0.000  -0.000  -0.000  -0.000  -0.000 
  0.925   0.000   0.000   0.000  -0.000  -0.000  -0.000  -0.000  -0.000  -0.000  -0.000  -0.000  -0.000  -0.000  -0.000  -0.000  -0.000  -0.000  -0.000  -0.000  -0.000 
  0.975   0.000   0.000  -0.000  -0.000  -0.000  -0.000  -0.000  -0.000  -0.000  -0.000  -0.000  -0.000  -0.000  -0.000  -0.000  -0.000  -0.000  -0.000  -0.000  -0.000 

