#Bayesian SS estimation module:
#Workdir:  /home/osvaldo/spc_shiny_servers/circularDichroismApp/appFiles/ChiraKit/SESCA_v097/examples/6-SESCA_modules
#Spectrum file:       ../5-Bayesian_SS/CD_igg2.dat
#Basis set file:      /home/osvaldo/spc_shiny_servers/circularDichroismApp/appFiles/ChiraKit/SESCA_v097/libs/Map_BB_DS-dTSC3.dat
#Parameter file:      /home/osvaldo/spc_shiny_servers/circularDichroismApp/appFiles/ChiraKit/SESCA_v097/libs/Bayes_2D-SC.dat
#Correction file:     ../5-Bayesian_SS/SC_calc.out
#Initial sample size: 100
#Monte Carlo steps:   250
#Fraction of discarded samples:     0.050

#Discretized SS dsitribution map:
#  i      SS Class  
#  0  :        Alpha 
#  1  :         Beta 
#  2  :         Coil 
#bin:    0      1      2     P(bin)
       0.025  0.325  0.675  3.635e-01
       0.025  0.275  0.725  2.311e-01
       0.025  0.325  0.625  1.113e-01
       0.025  0.275  0.675  9.196e-02
       0.075  0.325  0.625  4.080e-02
       0.075  0.275  0.675  2.299e-02
       0.075  0.375  0.575  2.248e-02
       0.025  0.375  0.625  1.975e-02
       0.025  0.375  0.575  1.747e-02
       0.025  0.225  0.775  1.385e-02
       0.025  0.225  0.725  1.259e-02
       0.075  0.325  0.575  1.221e-02
       0.075  0.275  0.625  9.095e-03
       0.075  0.425  0.525  6.653e-03
       0.075  0.375  0.525  4.632e-03
       0.025  0.425  0.575  2.737e-03
       0.025  0.425  0.525  1.347e-03
       0.075  0.425  0.475  9.263e-04
       0.175  0.325  0.525  9.263e-04
       0.175  0.275  0.525  6.737e-04
       0.175  0.325  0.475  6.737e-04
       0.025  0.475  0.525  6.316e-04
       0.075  0.225  0.675  5.474e-04
       0.075  0.225  0.725  5.474e-04
       0.275  0.325  0.425  5.474e-04
       0.175  0.375  0.475  4.632e-04
       0.275  0.375  0.375  4.632e-04
       0.075  0.475  0.425  3.789e-04
       0.125  0.375  0.525  3.789e-04
       0.175  0.475  0.325  3.789e-04
       0.025  0.525  0.425  3.368e-04
       0.125  0.325  0.525  3.368e-04
       0.225  0.375  0.425  3.368e-04
       0.175  0.225  0.575  2.947e-04
       0.275  0.275  0.425  2.947e-04
       0.325  0.325  0.375  2.947e-04
       0.325  0.375  0.325  2.947e-04
       0.075  0.475  0.475  2.526e-04
       0.175  0.425  0.375  2.526e-04
       0.225  0.375  0.375  2.526e-04
       0.275  0.275  0.475  2.526e-04
       0.025  0.475  0.475  2.105e-04
       0.025  0.525  0.475  2.105e-04
       0.125  0.525  0.375  2.105e-04
       0.175  0.375  0.425  2.105e-04
       0.175  0.525  0.325  2.105e-04
       0.225  0.425  0.325  2.105e-04
       0.275  0.375  0.325  2.105e-04
       0.075  0.525  0.425  1.684e-04
       0.125  0.425  0.475  1.684e-04
       0.225  0.125  0.625  1.684e-04
       0.225  0.225  0.575  1.684e-04
       0.225  0.325  0.425  1.684e-04
       0.325  0.275  0.375  1.684e-04
       0.175  0.425  0.425  1.263e-04
       0.175  0.475  0.375  1.263e-04
       0.225  0.325  0.475  1.263e-04
       0.225  0.425  0.375  1.263e-04
       0.225  0.525  0.225  1.263e-04
       0.275  0.225  0.525  1.263e-04
       0.325  0.425  0.225  1.263e-04
       0.325  0.475  0.225  1.263e-04
       0.125  0.225  0.625  8.421e-05
       0.125  0.225  0.675  8.421e-05
       0.125  0.275  0.625  8.421e-05
       0.125  0.375  0.475  8.421e-05
       0.125  0.475  0.375  8.421e-05
       0.125  0.475  0.425  8.421e-05
       0.175  0.225  0.625  8.421e-05
       0.175  0.525  0.275  8.421e-05
       0.275  0.425  0.275  8.421e-05
       0.025  0.175  0.775  4.211e-05
       0.025  0.175  0.825  4.211e-05
       0.125  0.125  0.725  4.211e-05
       0.125  0.175  0.675  4.211e-05
       0.125  0.275  0.575  4.211e-05
       0.225  0.225  0.525  4.211e-05
       0.225  0.275  0.475  4.211e-05
       0.225  0.475  0.325  4.211e-05
       0.225  0.525  0.275  4.211e-05
       0.275  0.075  0.625  4.211e-05
       0.275  0.075  0.675  4.211e-05
       0.275  0.175  0.525  4.211e-05
       0.275  0.325  0.375  4.211e-05
       0.275  0.425  0.325  4.211e-05
       0.425  0.275  0.325  4.211e-05
       0.025  0.025  0.875  0.000e+00
       0.025  0.025  0.925  0.000e+00
       0.025  0.025  0.975  0.000e+00
       0.025  0.075  0.825  0.000e+00
       0.025  0.075  0.875  0.000e+00
       0.025  0.075  0.925  0.000e+00
       0.025  0.075  0.975  0.000e+00
       0.025  0.125  0.775  0.000e+00
       0.025  0.125  0.825  0.000e+00
       0.025  0.125  0.875  0.000e+00
       0.025  0.125  0.925  0.000e+00
       0.025  0.175  0.725  0.000e+00
       0.025  0.175  0.875  0.000e+00
       0.025  0.225  0.675  0.000e+00
       0.025  0.225  0.825  0.000e+00
       0.025  0.275  0.625  0.000e+00
       0.025  0.275  0.775  0.000e+00
       0.025  0.325  0.575  0.000e+00
       0.025  0.325  0.725  0.000e+00
       0.025  0.375  0.525  0.000e+00
       0.025  0.375  0.675  0.000e+00
       0.025  0.425  0.475  0.000e+00
       0.025  0.425  0.625  0.000e+00
       0.025  0.475  0.425  0.000e+00
       0.025  0.475  0.575  0.000e+00
       0.025  0.525  0.375  0.000e+00
       0.025  0.525  0.525  0.000e+00
       0.025  0.575  0.325  0.000e+00
       0.025  0.575  0.375  0.000e+00
       0.025  0.575  0.425  0.000e+00
       0.025  0.575  0.475  0.000e+00
       0.025  0.625  0.275  0.000e+00
       0.025  0.625  0.325  0.000e+00
       0.025  0.625  0.375  0.000e+00
       0.025  0.625  0.425  0.000e+00
       0.025  0.675  0.225  0.000e+00
       0.025  0.675  0.275  0.000e+00
       0.025  0.675  0.325  0.000e+00
       0.025  0.675  0.375  0.000e+00
       0.025  0.725  0.175  0.000e+00
       0.025  0.725  0.225  0.000e+00
       0.025  0.725  0.275  0.000e+00
       0.025  0.725  0.325  0.000e+00
       0.025  0.775  0.125  0.000e+00
       0.025  0.775  0.175  0.000e+00
       0.025  0.775  0.225  0.000e+00
       0.025  0.775  0.275  0.000e+00
       0.025  0.825  0.075  0.000e+00
       0.025  0.825  0.125  0.000e+00
       0.025  0.825  0.175  0.000e+00
       0.025  0.825  0.225  0.000e+00
       0.025  0.875  0.025  0.000e+00
       0.025  0.875  0.075  0.000e+00
       0.025  0.875  0.125  0.000e+00
       0.025  0.875  0.175  0.000e+00
       0.025  0.925  0.025  0.000e+00
       0.025  0.925  0.075  0.000e+00
       0.025  0.925  0.125  0.000e+00
       0.025  0.975  0.025  0.000e+00
       0.025  0.975  0.075  0.000e+00
       0.075  0.025  0.825  0.000e+00
       0.075  0.025  0.875  0.000e+00
       0.075  0.025  0.925  0.000e+00
       0.075  0.025  0.975  0.000e+00
       0.075  0.075  0.775  0.000e+00
       0.075  0.075  0.825  0.000e+00
       0.075  0.075  0.875  0.000e+00
       0.075  0.075  0.925  0.000e+00
       0.075  0.125  0.725  0.000e+00
       0.075  0.125  0.775  0.000e+00
       0.075  0.125  0.825  0.000e+00
       0.075  0.125  0.875  0.000e+00
       0.075  0.175  0.675  0.000e+00
       0.075  0.175  0.725  0.000e+00
       0.075  0.175  0.775  0.000e+00
       0.075  0.175  0.825  0.000e+00
       0.075  0.225  0.625  0.000e+00
       0.075  0.225  0.775  0.000e+00
       0.075  0.275  0.575  0.000e+00
       0.075  0.275  0.725  0.000e+00
       0.075  0.325  0.525  0.000e+00
       0.075  0.325  0.675  0.000e+00
       0.075  0.375  0.475  0.000e+00
       0.075  0.375  0.625  0.000e+00
       0.075  0.425  0.425  0.000e+00
       0.075  0.425  0.575  0.000e+00
       0.075  0.475  0.375  0.000e+00
       0.075  0.475  0.525  0.000e+00
       0.075  0.525  0.325  0.000e+00
       0.075  0.525  0.375  0.000e+00
       0.075  0.525  0.475  0.000e+00
       0.075  0.575  0.275  0.000e+00
       0.075  0.575  0.325  0.000e+00
       0.075  0.575  0.375  0.000e+00
       0.075  0.575  0.425  0.000e+00
       0.075  0.625  0.225  0.000e+00
       0.075  0.625  0.275  0.000e+00
       0.075  0.625  0.325  0.000e+00
       0.075  0.675  0.175  0.000e+00
       0.075  0.675  0.225  0.000e+00
       0.075  0.675  0.275  0.000e+00
       0.075  0.675  0.325  0.000e+00
       0.075  0.725  0.125  0.000e+00
       0.075  0.725  0.175  0.000e+00
       0.075  0.725  0.225  0.000e+00
       0.075  0.725  0.275  0.000e+00
       0.075  0.775  0.075  0.000e+00
       0.075  0.775  0.125  0.000e+00
       0.075  0.775  0.175  0.000e+00
       0.075  0.775  0.225  0.000e+00
       0.075  0.825  0.025  0.000e+00
       0.075  0.825  0.075  0.000e+00
       0.075  0.825  0.125  0.000e+00
       0.075  0.825  0.175  0.000e+00
       0.075  0.875  0.025  0.000e+00
       0.075  0.875  0.075  0.000e+00
       0.075  0.925  0.025  0.000e+00
       0.075  0.925  0.075  0.000e+00
       0.075  0.975  0.025  0.000e+00
       0.125  0.025  0.775  0.000e+00
       0.125  0.025  0.825  0.000e+00
       0.125  0.025  0.875  0.000e+00
       0.125  0.025  0.925  0.000e+00
       0.125  0.075  0.725  0.000e+00
       0.125  0.075  0.775  0.000e+00
       0.125  0.075  0.825  0.000e+00
       0.125  0.075  0.875  0.000e+00
       0.125  0.125  0.675  0.000e+00
       0.125  0.125  0.775  0.000e+00
       0.125  0.125  0.825  0.000e+00
       0.125  0.175  0.625  0.000e+00
       0.125  0.175  0.725  0.000e+00
       0.125  0.175  0.775  0.000e+00
       0.125  0.225  0.575  0.000e+00
       0.125  0.225  0.725  0.000e+00
       0.125  0.275  0.525  0.000e+00
       0.125  0.275  0.675  0.000e+00
       0.125  0.325  0.475  0.000e+00
       0.125  0.325  0.575  0.000e+00
       0.125  0.325  0.625  0.000e+00
       0.125  0.375  0.425  0.000e+00
       0.125  0.375  0.575  0.000e+00
       0.125  0.425  0.375  0.000e+00
       0.125  0.425  0.425  0.000e+00
       0.125  0.425  0.525  0.000e+00
       0.125  0.475  0.325  0.000e+00
       0.125  0.475  0.475  0.000e+00
       0.125  0.525  0.275  0.000e+00
       0.125  0.525  0.325  0.000e+00
       0.125  0.525  0.425  0.000e+00
       0.125  0.575  0.225  0.000e+00
       0.125  0.575  0.275  0.000e+00
       0.125  0.575  0.325  0.000e+00
       0.125  0.575  0.375  0.000e+00
       0.125  0.625  0.175  0.000e+00
       0.125  0.625  0.225  0.000e+00
       0.125  0.625  0.275  0.000e+00
       0.125  0.625  0.325  0.000e+00
       0.125  0.675  0.125  0.000e+00
       0.125  0.675  0.175  0.000e+00
       0.125  0.675  0.225  0.000e+00
       0.125  0.675  0.275  0.000e+00
       0.125  0.725  0.075  0.000e+00
       0.125  0.725  0.125  0.000e+00
       0.125  0.725  0.175  0.000e+00
       0.125  0.725  0.225  0.000e+00
       0.125  0.775  0.025  0.000e+00
       0.125  0.775  0.075  0.000e+00
       0.125  0.775  0.125  0.000e+00
       0.125  0.775  0.175  0.000e+00
       0.125  0.825  0.025  0.000e+00
       0.125  0.825  0.075  0.000e+00
       0.125  0.825  0.125  0.000e+00
       0.125  0.875  0.025  0.000e+00
       0.125  0.875  0.075  0.000e+00
       0.125  0.925  0.025  0.000e+00
       0.175  0.025  0.725  0.000e+00
       0.175  0.025  0.775  0.000e+00
       0.175  0.025  0.825  0.000e+00
       0.175  0.025  0.875  0.000e+00
       0.175  0.075  0.675  0.000e+00
       0.175  0.075  0.725  0.000e+00
       0.175  0.075  0.775  0.000e+00
       0.175  0.075  0.825  0.000e+00
       0.175  0.125  0.625  0.000e+00
       0.175  0.125  0.675  0.000e+00
       0.175  0.125  0.725  0.000e+00
       0.175  0.125  0.775  0.000e+00
       0.175  0.175  0.575  0.000e+00
       0.175  0.175  0.625  0.000e+00
       0.175  0.175  0.675  0.000e+00
       0.175  0.175  0.725  0.000e+00
       0.175  0.225  0.525  0.000e+00
       0.175  0.225  0.675  0.000e+00
       0.175  0.275  0.475  0.000e+00
       0.175  0.275  0.575  0.000e+00
       0.175  0.275  0.625  0.000e+00
       0.175  0.325  0.425  0.000e+00
       0.175  0.325  0.575  0.000e+00
       0.175  0.375  0.375  0.000e+00
       0.175  0.375  0.525  0.000e+00
       0.175  0.425  0.325  0.000e+00
       0.175  0.425  0.475  0.000e+00
       0.175  0.475  0.275  0.000e+00
       0.175  0.475  0.425  0.000e+00
       0.175  0.525  0.225  0.000e+00
       0.175  0.525  0.375  0.000e+00
       0.175  0.575  0.175  0.000e+00
       0.175  0.575  0.225  0.000e+00
       0.175  0.575  0.275  0.000e+00
       0.175  0.575  0.325  0.000e+00
       0.175  0.625  0.125  0.000e+00
       0.175  0.625  0.175  0.000e+00
       0.175  0.625  0.225  0.000e+00
       0.175  0.625  0.275  0.000e+00
       0.175  0.675  0.075  0.000e+00
       0.175  0.675  0.125  0.000e+00
       0.175  0.675  0.175  0.000e+00
       0.175  0.675  0.225  0.000e+00
       0.175  0.725  0.025  0.000e+00
       0.175  0.725  0.075  0.000e+00
       0.175  0.725  0.125  0.000e+00
       0.175  0.725  0.175  0.000e+00
       0.175  0.775  0.025  0.000e+00
       0.175  0.775  0.075  0.000e+00
       0.175  0.775  0.125  0.000e+00
       0.175  0.825  0.025  0.000e+00
       0.175  0.825  0.075  0.000e+00
       0.175  0.875  0.025  0.000e+00
       0.225  0.025  0.675  0.000e+00
       0.225  0.025  0.725  0.000e+00
       0.225  0.025  0.775  0.000e+00
       0.225  0.025  0.825  0.000e+00
       0.225  0.075  0.625  0.000e+00
       0.225  0.075  0.675  0.000e+00
       0.225  0.075  0.725  0.000e+00
       0.225  0.075  0.775  0.000e+00
       0.225  0.125  0.575  0.000e+00
       0.225  0.125  0.675  0.000e+00
       0.225  0.125  0.725  0.000e+00
       0.225  0.175  0.525  0.000e+00
       0.225  0.175  0.575  0.000e+00
       0.225  0.175  0.625  0.000e+00
       0.225  0.175  0.675  0.000e+00
       0.225  0.225  0.475  0.000e+00
       0.225  0.225  0.625  0.000e+00
       0.225  0.275  0.425  0.000e+00
       0.225  0.275  0.525  0.000e+00
       0.225  0.275  0.575  0.000e+00
       0.225  0.325  0.375  0.000e+00
       0.225  0.325  0.525  0.000e+00
       0.225  0.375  0.325  0.000e+00
       0.225  0.375  0.475  0.000e+00
       0.225  0.425  0.275  0.000e+00
       0.225  0.425  0.425  0.000e+00
       0.225  0.475  0.225  0.000e+00
       0.225  0.475  0.275  0.000e+00
       0.225  0.475  0.375  0.000e+00
       0.225  0.525  0.175  0.000e+00
       0.225  0.525  0.325  0.000e+00
       0.225  0.575  0.125  0.000e+00
       0.225  0.575  0.175  0.000e+00
       0.225  0.575  0.225  0.000e+00
       0.225  0.575  0.275  0.000e+00
       0.225  0.625  0.075  0.000e+00
       0.225  0.625  0.125  0.000e+00
       0.225  0.625  0.175  0.000e+00
       0.225  0.625  0.225  0.000e+00
       0.225  0.675  0.025  0.000e+00
       0.225  0.675  0.075  0.000e+00
       0.225  0.675  0.125  0.000e+00
       0.225  0.675  0.175  0.000e+00
       0.225  0.725  0.025  0.000e+00
       0.225  0.725  0.075  0.000e+00
       0.225  0.775  0.025  0.000e+00
       0.225  0.775  0.075  0.000e+00
       0.225  0.825  0.025  0.000e+00
       0.275  0.025  0.625  0.000e+00
       0.275  0.025  0.675  0.000e+00
       0.275  0.025  0.725  0.000e+00
       0.275  0.025  0.775  0.000e+00
       0.275  0.075  0.575  0.000e+00
       0.275  0.075  0.725  0.000e+00
       0.275  0.125  0.525  0.000e+00
       0.275  0.125  0.575  0.000e+00
       0.275  0.125  0.625  0.000e+00
       0.275  0.125  0.675  0.000e+00
       0.275  0.175  0.475  0.000e+00
       0.275  0.175  0.575  0.000e+00
       0.275  0.175  0.625  0.000e+00
       0.275  0.225  0.425  0.000e+00
       0.275  0.225  0.475  0.000e+00
       0.275  0.225  0.575  0.000e+00
       0.275  0.275  0.375  0.000e+00
       0.275  0.275  0.525  0.000e+00
       0.275  0.325  0.325  0.000e+00
       0.275  0.325  0.475  0.000e+00
       0.275  0.375  0.275  0.000e+00
       0.275  0.375  0.425  0.000e+00
       0.275  0.425  0.225  0.000e+00
       0.275  0.425  0.375  0.000e+00
       0.275  0.475  0.175  0.000e+00
       0.275  0.475  0.225  0.000e+00
       0.275  0.475  0.275  0.000e+00
       0.275  0.475  0.325  0.000e+00
       0.275  0.525  0.125  0.000e+00
       0.275  0.525  0.175  0.000e+00
       0.275  0.525  0.225  0.000e+00
       0.275  0.525  0.275  0.000e+00
       0.275  0.575  0.075  0.000e+00
       0.275  0.575  0.125  0.000e+00
       0.275  0.575  0.175  0.000e+00
       0.275  0.575  0.225  0.000e+00
       0.275  0.625  0.025  0.000e+00
       0.275  0.625  0.075  0.000e+00
       0.275  0.625  0.125  0.000e+00
       0.275  0.625  0.175  0.000e+00
       0.275  0.675  0.025  0.000e+00
       0.275  0.675  0.075  0.000e+00
       0.275  0.675  0.125  0.000e+00
       0.275  0.725  0.025  0.000e+00
       0.275  0.725  0.075  0.000e+00
       0.275  0.775  0.025  0.000e+00
       0.325  0.025  0.575  0.000e+00
       0.325  0.025  0.625  0.000e+00
       0.325  0.025  0.675  0.000e+00
       0.325  0.025  0.725  0.000e+00
       0.325  0.075  0.525  0.000e+00
       0.325  0.075  0.575  0.000e+00
       0.325  0.075  0.625  0.000e+00
       0.325  0.075  0.675  0.000e+00
       0.325  0.125  0.475  0.000e+00
       0.325  0.125  0.525  0.000e+00
       0.325  0.125  0.575  0.000e+00
       0.325  0.125  0.625  0.000e+00
       0.325  0.175  0.425  0.000e+00
       0.325  0.175  0.475  0.000e+00
       0.325  0.175  0.525  0.000e+00
       0.325  0.175  0.575  0.000e+00
       0.325  0.225  0.375  0.000e+00
       0.325  0.225  0.425  0.000e+00
       0.325  0.225  0.475  0.000e+00
       0.325  0.225  0.525  0.000e+00
       0.325  0.275  0.325  0.000e+00
       0.325  0.275  0.425  0.000e+00
       0.325  0.275  0.475  0.000e+00
       0.325  0.325  0.275  0.000e+00
       0.325  0.325  0.325  0.000e+00
       0.325  0.325  0.425  0.000e+00
       0.325  0.375  0.225  0.000e+00
       0.325  0.375  0.275  0.000e+00
       0.325  0.425  0.175  0.000e+00
       0.325  0.425  0.275  0.000e+00
       0.325  0.425  0.325  0.000e+00
       0.325  0.475  0.125  0.000e+00
       0.325  0.475  0.175  0.000e+00
       0.325  0.475  0.275  0.000e+00
       0.325  0.525  0.075  0.000e+00
       0.325  0.525  0.125  0.000e+00
       0.325  0.525  0.175  0.000e+00
       0.325  0.525  0.225  0.000e+00
       0.325  0.575  0.025  0.000e+00
       0.325  0.575  0.075  0.000e+00
       0.325  0.575  0.125  0.000e+00
       0.325  0.575  0.175  0.000e+00
       0.325  0.625  0.025  0.000e+00
       0.325  0.625  0.075  0.000e+00
       0.325  0.675  0.025  0.000e+00
       0.325  0.675  0.075  0.000e+00
       0.325  0.725  0.025  0.000e+00
       0.375  0.025  0.525  0.000e+00
       0.375  0.025  0.575  0.000e+00
       0.375  0.025  0.625  0.000e+00
       0.375  0.025  0.675  0.000e+00
       0.375  0.075  0.475  0.000e+00
       0.375  0.075  0.525  0.000e+00
       0.375  0.075  0.575  0.000e+00
       0.375  0.075  0.625  0.000e+00
       0.375  0.125  0.425  0.000e+00
       0.375  0.125  0.475  0.000e+00
       0.375  0.125  0.525  0.000e+00
       0.375  0.125  0.575  0.000e+00
       0.375  0.175  0.375  0.000e+00
       0.375  0.175  0.425  0.000e+00
       0.375  0.175  0.475  0.000e+00
       0.375  0.175  0.525  0.000e+00
       0.375  0.225  0.325  0.000e+00
       0.375  0.225  0.375  0.000e+00
       0.375  0.225  0.425  0.000e+00
       0.375  0.225  0.475  0.000e+00
       0.375  0.275  0.275  0.000e+00
       0.375  0.275  0.325  0.000e+00
       0.375  0.275  0.375  0.000e+00
       0.375  0.275  0.425  0.000e+00
       0.375  0.325  0.225  0.000e+00
       0.375  0.325  0.275  0.000e+00
       0.375  0.325  0.325  0.000e+00
       0.375  0.375  0.175  0.000e+00
       0.375  0.375  0.225  0.000e+00
       0.375  0.375  0.275  0.000e+00
       0.375  0.375  0.325  0.000e+00
       0.375  0.425  0.125  0.000e+00
       0.375  0.425  0.175  0.000e+00
       0.375  0.425  0.225  0.000e+00
       0.375  0.425  0.275  0.000e+00
       0.375  0.475  0.075  0.000e+00
       0.375  0.475  0.125  0.000e+00
       0.375  0.475  0.175  0.000e+00
       0.375  0.475  0.225  0.000e+00
       0.375  0.525  0.025  0.000e+00
       0.375  0.525  0.075  0.000e+00
       0.375  0.525  0.125  0.000e+00
       0.375  0.525  0.175  0.000e+00
       0.375  0.575  0.025  0.000e+00
       0.375  0.575  0.075  0.000e+00
       0.375  0.625  0.025  0.000e+00
       0.375  0.675  0.025  0.000e+00
       0.425  0.025  0.475  0.000e+00
       0.425  0.025  0.525  0.000e+00
       0.425  0.025  0.575  0.000e+00
       0.425  0.025  0.625  0.000e+00
       0.425  0.075  0.425  0.000e+00
       0.425  0.075  0.475  0.000e+00
       0.425  0.075  0.525  0.000e+00
       0.425  0.075  0.575  0.000e+00
       0.425  0.125  0.375  0.000e+00
       0.425  0.125  0.425  0.000e+00
       0.425  0.125  0.475  0.000e+00
       0.425  0.125  0.525  0.000e+00
       0.425  0.175  0.325  0.000e+00
       0.425  0.175  0.375  0.000e+00
       0.425  0.175  0.425  0.000e+00
       0.425  0.175  0.475  0.000e+00
       0.425  0.225  0.275  0.000e+00
       0.425  0.225  0.325  0.000e+00
       0.425  0.225  0.375  0.000e+00
       0.425  0.225  0.425  0.000e+00
       0.425  0.275  0.225  0.000e+00
       0.425  0.275  0.275  0.000e+00
       0.425  0.275  0.375  0.000e+00
       0.425  0.325  0.175  0.000e+00
       0.425  0.325  0.225  0.000e+00
       0.425  0.325  0.275  0.000e+00
       0.425  0.325  0.325  0.000e+00
       0.425  0.375  0.125  0.000e+00
       0.425  0.375  0.175  0.000e+00
       0.425  0.375  0.225  0.000e+00
       0.425  0.375  0.275  0.000e+00
       0.425  0.425  0.075  0.000e+00
       0.425  0.425  0.125  0.000e+00
       0.425  0.425  0.175  0.000e+00
       0.425  0.425  0.225  0.000e+00
       0.425  0.475  0.025  0.000e+00
       0.425  0.475  0.075  0.000e+00
       0.425  0.475  0.125  0.000e+00
       0.425  0.475  0.175  0.000e+00
       0.425  0.525  0.025  0.000e+00
       0.425  0.525  0.075  0.000e+00
       0.425  0.525  0.125  0.000e+00
       0.425  0.575  0.025  0.000e+00
       0.425  0.575  0.075  0.000e+00
       0.425  0.625  0.025  0.000e+00
       0.475  0.025  0.425  0.000e+00
       0.475  0.025  0.475  0.000e+00
       0.475  0.025  0.525  0.000e+00
       0.475  0.025  0.575  0.000e+00
       0.475  0.075  0.375  0.000e+00
       0.475  0.075  0.425  0.000e+00
       0.475  0.075  0.475  0.000e+00
       0.475  0.075  0.525  0.000e+00
       0.475  0.125  0.325  0.000e+00
       0.475  0.125  0.375  0.000e+00
       0.475  0.125  0.425  0.000e+00
       0.475  0.125  0.475  0.000e+00
       0.475  0.175  0.275  0.000e+00
       0.475  0.175  0.325  0.000e+00
       0.475  0.175  0.375  0.000e+00
       0.475  0.175  0.425  0.000e+00
       0.475  0.225  0.225  0.000e+00
       0.475  0.225  0.275  0.000e+00
       0.475  0.225  0.325  0.000e+00
       0.475  0.225  0.375  0.000e+00
       0.475  0.275  0.175  0.000e+00
       0.475  0.275  0.225  0.000e+00
       0.475  0.275  0.275  0.000e+00
       0.475  0.275  0.325  0.000e+00
       0.475  0.325  0.125  0.000e+00
       0.475  0.325  0.175  0.000e+00
       0.475  0.325  0.225  0.000e+00
       0.475  0.325  0.275  0.000e+00
       0.475  0.375  0.075  0.000e+00
       0.475  0.375  0.125  0.000e+00
       0.475  0.375  0.175  0.000e+00
       0.475  0.375  0.225  0.000e+00
       0.475  0.425  0.025  0.000e+00
       0.475  0.425  0.075  0.000e+00
       0.475  0.425  0.125  0.000e+00
       0.475  0.425  0.175  0.000e+00
       0.475  0.475  0.025  0.000e+00
       0.475  0.475  0.075  0.000e+00
       0.475  0.475  0.125  0.000e+00
       0.475  0.525  0.025  0.000e+00
       0.475  0.525  0.075  0.000e+00
       0.475  0.575  0.025  0.000e+00
       0.525  0.025  0.375  0.000e+00
       0.525  0.025  0.425  0.000e+00
       0.525  0.025  0.475  0.000e+00
       0.525  0.025  0.525  0.000e+00
       0.525  0.075  0.325  0.000e+00
       0.525  0.075  0.375  0.000e+00
       0.525  0.075  0.425  0.000e+00
       0.525  0.075  0.475  0.000e+00
       0.525  0.125  0.275  0.000e+00
       0.525  0.125  0.325  0.000e+00
       0.525  0.125  0.375  0.000e+00
       0.525  0.125  0.425  0.000e+00
       0.525  0.175  0.225  0.000e+00
       0.525  0.175  0.275  0.000e+00
       0.525  0.175  0.325  0.000e+00
       0.525  0.175  0.375  0.000e+00
       0.525  0.225  0.175  0.000e+00
       0.525  0.225  0.225  0.000e+00
       0.525  0.225  0.275  0.000e+00
       0.525  0.225  0.325  0.000e+00
       0.525  0.275  0.125  0.000e+00
       0.525  0.275  0.175  0.000e+00
       0.525  0.275  0.225  0.000e+00
       0.525  0.275  0.275  0.000e+00
       0.525  0.325  0.075  0.000e+00
       0.525  0.325  0.125  0.000e+00
       0.525  0.325  0.175  0.000e+00
       0.525  0.325  0.225  0.000e+00
       0.525  0.375  0.025  0.000e+00
       0.525  0.375  0.075  0.000e+00
       0.525  0.375  0.125  0.000e+00
       0.525  0.375  0.175  0.000e+00
       0.525  0.425  0.025  0.000e+00
       0.525  0.425  0.075  0.000e+00
       0.525  0.425  0.125  0.000e+00
       0.525  0.475  0.025  0.000e+00
       0.525  0.475  0.075  0.000e+00
       0.525  0.525  0.025  0.000e+00
       0.575  0.025  0.325  0.000e+00
       0.575  0.025  0.375  0.000e+00
       0.575  0.025  0.425  0.000e+00
       0.575  0.025  0.475  0.000e+00
       0.575  0.075  0.275  0.000e+00
       0.575  0.075  0.325  0.000e+00
       0.575  0.075  0.375  0.000e+00
       0.575  0.075  0.425  0.000e+00
       0.575  0.125  0.225  0.000e+00
       0.575  0.125  0.275  0.000e+00
       0.575  0.125  0.325  0.000e+00
       0.575  0.125  0.375  0.000e+00
       0.575  0.175  0.175  0.000e+00
       0.575  0.175  0.225  0.000e+00
       0.575  0.175  0.275  0.000e+00
       0.575  0.175  0.325  0.000e+00
       0.575  0.225  0.125  0.000e+00
       0.575  0.225  0.175  0.000e+00
       0.575  0.225  0.225  0.000e+00
       0.575  0.225  0.275  0.000e+00
       0.575  0.275  0.075  0.000e+00
       0.575  0.275  0.125  0.000e+00
       0.575  0.275  0.175  0.000e+00
       0.575  0.275  0.225  0.000e+00
       0.575  0.325  0.025  0.000e+00
       0.575  0.325  0.075  0.000e+00
       0.575  0.325  0.125  0.000e+00
       0.575  0.325  0.175  0.000e+00
       0.575  0.375  0.025  0.000e+00
       0.575  0.375  0.075  0.000e+00
       0.575  0.425  0.025  0.000e+00
       0.575  0.425  0.075  0.000e+00
       0.575  0.475  0.025  0.000e+00
       0.625  0.025  0.275  0.000e+00
       0.625  0.025  0.325  0.000e+00
       0.625  0.025  0.375  0.000e+00
       0.625  0.025  0.425  0.000e+00
       0.625  0.075  0.225  0.000e+00
       0.625  0.075  0.275  0.000e+00
       0.625  0.075  0.325  0.000e+00
       0.625  0.125  0.175  0.000e+00
       0.625  0.125  0.225  0.000e+00
       0.625  0.125  0.275  0.000e+00
       0.625  0.125  0.325  0.000e+00
       0.625  0.175  0.125  0.000e+00
       0.625  0.175  0.175  0.000e+00
       0.625  0.175  0.225  0.000e+00
       0.625  0.175  0.275  0.000e+00
       0.625  0.225  0.075  0.000e+00
       0.625  0.225  0.125  0.000e+00
       0.625  0.225  0.175  0.000e+00
       0.625  0.225  0.225  0.000e+00
       0.625  0.275  0.025  0.000e+00
       0.625  0.275  0.075  0.000e+00
       0.625  0.275  0.125  0.000e+00
       0.625  0.275  0.175  0.000e+00
       0.625  0.325  0.025  0.000e+00
       0.625  0.325  0.075  0.000e+00
       0.625  0.375  0.025  0.000e+00
       0.625  0.425  0.025  0.000e+00
       0.675  0.025  0.225  0.000e+00
       0.675  0.025  0.275  0.000e+00
       0.675  0.025  0.325  0.000e+00
       0.675  0.025  0.375  0.000e+00
       0.675  0.075  0.175  0.000e+00
       0.675  0.075  0.225  0.000e+00
       0.675  0.075  0.275  0.000e+00
       0.675  0.075  0.325  0.000e+00
       0.675  0.125  0.125  0.000e+00
       0.675  0.125  0.175  0.000e+00
       0.675  0.125  0.225  0.000e+00
       0.675  0.125  0.275  0.000e+00
       0.675  0.175  0.075  0.000e+00
       0.675  0.175  0.125  0.000e+00
       0.675  0.175  0.175  0.000e+00
       0.675  0.175  0.225  0.000e+00
       0.675  0.225  0.025  0.000e+00
       0.675  0.225  0.075  0.000e+00
       0.675  0.225  0.125  0.000e+00
       0.675  0.225  0.175  0.000e+00
       0.675  0.275  0.025  0.000e+00
       0.675  0.275  0.075  0.000e+00
       0.675  0.275  0.125  0.000e+00
       0.675  0.325  0.025  0.000e+00
       0.675  0.325  0.075  0.000e+00
       0.675  0.375  0.025  0.000e+00
       0.725  0.025  0.175  0.000e+00
       0.725  0.025  0.225  0.000e+00
       0.725  0.025  0.275  0.000e+00
       0.725  0.025  0.325  0.000e+00
       0.725  0.075  0.125  0.000e+00
       0.725  0.075  0.175  0.000e+00
       0.725  0.075  0.225  0.000e+00
       0.725  0.075  0.275  0.000e+00
       0.725  0.125  0.075  0.000e+00
       0.725  0.125  0.125  0.000e+00
       0.725  0.125  0.175  0.000e+00
       0.725  0.125  0.225  0.000e+00
       0.725  0.175  0.025  0.000e+00
       0.725  0.175  0.075  0.000e+00
       0.725  0.175  0.125  0.000e+00
       0.725  0.175  0.175  0.000e+00
       0.725  0.225  0.025  0.000e+00
       0.725  0.225  0.075  0.000e+00
       0.725  0.275  0.025  0.000e+00
       0.725  0.275  0.075  0.000e+00
       0.725  0.325  0.025  0.000e+00
       0.775  0.025  0.125  0.000e+00
       0.775  0.025  0.175  0.000e+00
       0.775  0.025  0.225  0.000e+00
       0.775  0.025  0.275  0.000e+00
       0.775  0.075  0.075  0.000e+00
       0.775  0.075  0.125  0.000e+00
       0.775  0.075  0.175  0.000e+00
       0.775  0.075  0.225  0.000e+00
       0.775  0.125  0.025  0.000e+00
       0.775  0.125  0.075  0.000e+00
       0.775  0.125  0.125  0.000e+00
       0.775  0.125  0.175  0.000e+00
       0.775  0.175  0.025  0.000e+00
       0.775  0.175  0.075  0.000e+00
       0.775  0.175  0.125  0.000e+00
       0.775  0.225  0.025  0.000e+00
       0.775  0.225  0.075  0.000e+00
       0.775  0.275  0.025  0.000e+00
       0.825  0.025  0.075  0.000e+00
       0.825  0.025  0.125  0.000e+00
       0.825  0.025  0.175  0.000e+00
       0.825  0.025  0.225  0.000e+00
       0.825  0.075  0.025  0.000e+00
       0.825  0.075  0.075  0.000e+00
       0.825  0.075  0.125  0.000e+00
       0.825  0.075  0.175  0.000e+00
       0.825  0.125  0.025  0.000e+00
       0.825  0.125  0.075  0.000e+00
       0.825  0.125  0.125  0.000e+00
       0.825  0.175  0.025  0.000e+00
       0.825  0.175  0.075  0.000e+00
       0.825  0.225  0.025  0.000e+00
       0.875  0.025  0.025  0.000e+00
       0.875  0.025  0.075  0.000e+00
       0.875  0.025  0.125  0.000e+00
       0.875  0.025  0.175  0.000e+00
       0.875  0.075  0.025  0.000e+00
       0.875  0.075  0.075  0.000e+00
       0.875  0.125  0.025  0.000e+00
       0.875  0.125  0.075  0.000e+00
       0.875  0.175  0.025  0.000e+00
       0.925  0.025  0.025  0.000e+00
       0.925  0.025  0.075  0.000e+00
       0.925  0.025  0.125  0.000e+00
       0.925  0.075  0.025  0.000e+00
       0.925  0.075  0.075  0.000e+00
       0.925  0.125  0.025  0.000e+00
       0.975  0.025  0.025  0.000e+00
       0.975  0.025  0.075  0.000e+00
       0.975  0.075  0.025  0.000e+00


#Scaling factor distribution:
#  SFj    P(SFj)
 0.200   0.000
 0.400   0.001
 0.600   0.004
 0.800   0.254
 1.000   0.679
 1.200   0.056
 1.400   0.004
 1.600   0.001
 1.800   0.000
 2.000   0.000
 2.200   0.000
 2.400   0.000
 2.600   0.000
 2.800   0.000
 3.000   0.000
 3.200   0.000
 3.400   0.000
 3.600   0.000
 3.800   0.000
 4.000   0.000
 4.200   0.000
 4.400   0.000
 4.600   0.000
 4.800   0.000

#Avg. Scaling factor : 1.0731 +/- 0.1163
#Weighting factors for the most likely SS composition (Avg +/- SD):
#        Alpha  :   0.0299   +/- 0.0595
#         Beta  :   0.3122   +/- 0.0442
#         Coil  :   0.6579   +/- 0.0794

