#HBSS extended classification time series:
#trajectory file: 1hnn.pdb 

#HBSS residue encoding ( 528 total residues):
#PDB  chain  residue codes ---- HBSS  mol   residue codes
#      A     22-282         :           0   22-282
#      B     514-780         :           1   514-780

#Alpha-Helix (4H) residues
#       time    residue
      1.0       23
      1.0       24
      1.0       25
      1.0       26
      1.0       27
      1.0       31
      1.0       32
      1.0       33
      1.0       34
      1.0       35
      1.0       36
      1.0       37
      1.0       38
      1.0       39
      1.0       52
      1.0       53
      1.0       54
      1.0       55
      1.0       56
      1.0       57
      1.0       58
      1.0       59
      1.0       60
      1.0       61
      1.0       62
      1.0       63
      1.0       64
      1.0       65
      1.0      103
      1.0      104
      1.0      105
      1.0      106
      1.0      107
      1.0      108
      1.0      109
      1.0      110
      1.0      111
      1.0      112
      1.0      113
      1.0      114
      1.0      123
      1.0      124
      1.0      125
      1.0      126
      1.0      127
      1.0      128
      1.0      129
      1.0      130
      1.0      131
      1.0      132
      1.0      133
      1.0      134
      1.0      139
      1.0      140
      1.0      141
      1.0      142
      1.0      143
      1.0      144
      1.0      145
      1.0      146
      1.0      147
      1.0      148
      1.0      149
      1.0      150
      1.0      183
      1.0      184
      1.0      185
      1.0      186
      1.0      187
      1.0      190
      1.0      191
      1.0      192
      1.0      193
      1.0      194
      1.0      195
      1.0      196
      1.0      197
      1.0      198
      1.0      199
      1.0      200
      1.0      201
      1.0      235
      1.0      236
      1.0      237
      1.0      238
      1.0      239
      1.0      240
      1.0      241
      1.0      242
      1.0      243
      1.0      244
      1.0      245
      1.0      517
      1.0      518
      1.0      519
      1.0      520
      1.0      521
      1.0      522
      1.0      523
      1.0      524
      1.0      525
      1.0      526
      1.0      531
      1.0      532
      1.0      533
      1.0      534
      1.0      535
      1.0      536
      1.0      537
      1.0      538
      1.0      539
      1.0      553
      1.0      554
      1.0      555
      1.0      556
      1.0      557
      1.0      558
      1.0      559
      1.0      560
      1.0      561
      1.0      562
      1.0      563
      1.0      564
      1.0      565
      1.0      604
      1.0      605
      1.0      606
      1.0      607
      1.0      608
      1.0      609
      1.0      610
      1.0      611
      1.0      612
      1.0      613
      1.0      614
      1.0      615
      1.0      623
      1.0      624
      1.0      625
      1.0      626
      1.0      627
      1.0      628
      1.0      629
      1.0      630
      1.0      631
      1.0      632
      1.0      633
      1.0      634
      1.0      639
      1.0      640
      1.0      641
      1.0      642
      1.0      643
      1.0      644
      1.0      645
      1.0      646
      1.0      647
      1.0      648
      1.0      649
      1.0      650
      1.0      683
      1.0      684
      1.0      685
      1.0      686
      1.0      687
      1.0      690
      1.0      691
      1.0      692
      1.0      693
      1.0      694
      1.0      695
      1.0      696
      1.0      697
      1.0      698
      1.0      699
      1.0      700
      1.0      701
      1.0      735
      1.0      736
      1.0      737
      1.0      738
      1.0      739
      1.0      740
      1.0      741
      1.0      742
      1.0      743
      1.0      744
      1.0      745
      1.0      746
&
#3/10-Helix (3H) residues
#       time    residue
      1.0       22
      1.0       84
      1.0       85
      1.0       86
      1.0       87
      1.0      202
      1.0      203
      1.0      259
      1.0      260
      1.0      261
      1.0      262
      1.0      527
      1.0      528
      1.0      529
      1.0      566
      1.0      567
      1.0      584
      1.0      585
      1.0      586
      1.0      587
      1.0      759
      1.0      760
      1.0      761
      1.0      762
&
#TT-Helix (5H) residues
#       time    residue
&
#H-bonded Turn (TU) residues
#       time    residue
      1.0       28
      1.0       29
      1.0       30
      1.0       40
      1.0       41
      1.0       42
      1.0       43
      1.0       44
      1.0       45
      1.0       46
      1.0       47
      1.0       48
      1.0       49
      1.0       50
      1.0       51
      1.0       66
      1.0       67
      1.0       68
      1.0       69
      1.0       79
      1.0       80
      1.0       81
      1.0       88
      1.0       89
      1.0       90
      1.0       91
      1.0       92
      1.0       93
      1.0      115
      1.0      116
      1.0      117
      1.0      135
      1.0      136
      1.0      137
      1.0      138
      1.0      158
      1.0      159
      1.0      160
      1.0      161
      1.0      162
      1.0      163
      1.0      164
      1.0      165
      1.0      166
      1.0      169
      1.0      170
      1.0      171
      1.0      172
      1.0      173
      1.0      188
      1.0      207
      1.0      208
      1.0      209
      1.0      224
      1.0      225
      1.0      226
      1.0      227
      1.0      232
      1.0      233
      1.0      234
      1.0      246
      1.0      247
      1.0      248
      1.0      249
      1.0      250
      1.0      251
      1.0      263
      1.0      264
      1.0      278
      1.0      279
      1.0      280
      1.0      281
      1.0      516
      1.0      530
      1.0      540
      1.0      541
      1.0      542
      1.0      543
      1.0      544
      1.0      545
      1.0      548
      1.0      549
      1.0      550
      1.0      551
      1.0      552
      1.0      568
      1.0      569
      1.0      579
      1.0      580
      1.0      581
      1.0      588
      1.0      589
      1.0      590
      1.0      591
      1.0      592
      1.0      593
      1.0      616
      1.0      617
      1.0      618
      1.0      619
      1.0      620
      1.0      635
      1.0      636
      1.0      637
      1.0      638
      1.0      658
      1.0      659
      1.0      660
      1.0      661
      1.0      663
      1.0      664
      1.0      665
      1.0      666
      1.0      667
      1.0      668
      1.0      669
      1.0      670
      1.0      671
      1.0      672
      1.0      673
      1.0      688
      1.0      702
      1.0      703
      1.0      724
      1.0      725
      1.0      726
      1.0      727
      1.0      728
      1.0      747
      1.0      748
      1.0      749
      1.0      750
      1.0      751
      1.0      757
      1.0      758
      1.0      763
      1.0      764
      1.0      765
      1.0      766
&
#Unclassified (UNC) residues
#       time    residue
      1.0       70
      1.0       71
      1.0       72
      1.0       82
      1.0       83
      1.0       94
      1.0      102
      1.0      118
      1.0      119
      1.0      120
      1.0      121
      1.0      122
      1.0      157
      1.0      167
      1.0      168
      1.0      189
      1.0      216
      1.0      217
      1.0      218
      1.0      219
      1.0      220
      1.0      221
      1.0      222
      1.0      223
      1.0      228
      1.0      229
      1.0      230
      1.0      231
      1.0      257
      1.0      258
      1.0      265
      1.0      266
      1.0      267
      1.0      268
      1.0      269
      1.0      270
      1.0      271
      1.0      282
      1.0      514
      1.0      515
      1.0      546
      1.0      547
      1.0      570
      1.0      571
      1.0      572
      1.0      582
      1.0      583
      1.0      594
      1.0      602
      1.0      603
      1.0      621
      1.0      622
      1.0      657
      1.0      662
      1.0      689
      1.0      707
      1.0      708
      1.0      709
      1.0      716
      1.0      717
      1.0      718
      1.0      719
      1.0      720
      1.0      721
      1.0      722
      1.0      723
      1.0      729
      1.0      730
      1.0      731
      1.0      732
      1.0      733
      1.0      734
      1.0      767
      1.0      768
      1.0      769
      1.0      770
      1.0      771
      1.0      778
      1.0      779
      1.0      780
&
#Left-Handed-Para (LHP) residues
#       time    residue
      1.0      180
      1.0      213
      1.0      577
      1.0      578
      1.0      678
      1.0      679
      1.0      680
      1.0      681
      1.0      682
      1.0      710
      1.0      711
      1.0      712
      1.0      713
      1.0      714
      1.0      715
&
#Normal-Beta-Para (NBP) residues
#       time    residue
      1.0       73
      1.0       74
      1.0       75
      1.0       76
      1.0       77
      1.0       78
      1.0       95
      1.0       96
      1.0       98
      1.0       99
      1.0      177
      1.0      178
      1.0      179
      1.0      181
      1.0      182
      1.0      210
      1.0      211
      1.0      212
      1.0      214
      1.0      215
      1.0      573
      1.0      574
      1.0      575
      1.0      576
      1.0      595
      1.0      596
      1.0      598
      1.0      599
      1.0      677
&
#Right-Handed-Para (RHP) residues
#       time    residue
      1.0       97
      1.0      100
      1.0      101
      1.0      151
      1.0      152
      1.0      153
      1.0      154
      1.0      155
      1.0      156
      1.0      174
      1.0      175
      1.0      176
      1.0      204
      1.0      205
      1.0      206
      1.0      597
      1.0      600
      1.0      601
      1.0      651
      1.0      652
      1.0      653
      1.0      654
      1.0      655
      1.0      656
      1.0      674
      1.0      675
      1.0      676
      1.0      704
      1.0      705
      1.0      706
&
#Left-Handed-Anti (LHA) residues
#       time    residue
      1.0      252
      1.0      253
      1.0      275
&
#Normal-Beta-Anti (NBA) residues
#       time    residue
      1.0      254
      1.0      274
      1.0      276
      1.0      752
      1.0      753
      1.0      754
      1.0      774
      1.0      775
      1.0      776
&
#Right-Handed-Anti (RHA) residues
#       time    residue
      1.0      255
      1.0      256
      1.0      272
      1.0      273
      1.0      277
      1.0      755
      1.0      756
      1.0      772
      1.0      773
      1.0      777
&
#Secondary structure distribution by HBSS (%):
#  4H:     35.8
#  3H:      4.5
#  5H:      0.0
#  TU:     26.3
# UNC:     15.2
# LHP:      2.8
# NBP:      5.5
# RHP:      5.7
# LHA:      0.6
# NBA:      1.7
# RHA:      1.9
